#
# There is insufficient memory for the Java Runtime Environment to continue.
# Native memory allocation (mmap) failed to map 286261248 bytes for committing reserved memory.
# Possible reasons:
#   The system is out of physical RAM or swap space
#   The process is running with CompressedOops enabled, and the Java Heap may be blocking the growth of the native heap
# Possible solutions:
#   Reduce memory load on the system
#   Increase physical memory or swap space
#   Check if swap backing store is full
#   Decrease Java heap size (-Xmx/-Xms)
#   Decrease number of Java threads
#   Decrease Java thread stack sizes (-Xss)
#   Set larger code cache with -XX:ReservedCodeCacheSize=
#   JVM is running with Unscaled Compressed Oops mode in which the Java heap is
#     placed in the first 4GB address space. The Java Heap base address is the
#     maximum limit for the native heap growth. Please use -XX:HeapBaseMinAddress
#     to set the Java Heap base and to place the Java Heap above 4GB virtual address.
# This output file may be truncated or incomplete.
#
#  Out of Memory Error (os_linux.cpp:2659), pid=27175, tid=27189
#
# JRE version: Java(TM) SE Runtime Environment (12.0.2+10) (build 12.0.2+10)
# Java VM: Java HotSpot(TM) 64-Bit Server VM (12.0.2+10, mixed mode, sharing, tiered, compressed oops, g1 gc, linux-amd64)
# Core dump will be written. Default location: Core dumps may be processed with "/usr/share/apport/apport %p %s %c %d %P" (or dumping to /home/clinton/Downloads/ibm-wave8-activity-stream-master(3) (3)/ibm-wave8-activity-stream-master(3)/ibm-wave8-activity-stream-master/activity-stream-app/core.27175)
#

---------------  S U M M A R Y ------------

Command Line: -javaagent:/snap/intellij-idea-community/172/lib/idea_rt.jar=42807:/snap/intellij-idea-community/172/bin -Dfile.encoding=UTF-8 com.stackroute.upstream.ASUpstreamApp

Host: Intel(R) Core(TM) i5-5300U CPU @ 2.30GHz, 4 cores, 7G, Ubuntu 18.04.3 LTS
Time: Thu Sep 12 18:29:09 2019 IST elapsed time: 92 seconds (0d 0h 1m 32s)

---------------  T H R E A D  ---------------

Current thread (0x00007f2a2015c000):  VMThread "VM Thread" [stack: 0x00007f2a006f8000,0x00007f2a007f8000] [id=27189]

Stack: [0x00007f2a006f8000,0x00007f2a007f8000],  sp=0x00007f2a007f5f40,  free space=1015k
Native frames: (J=compiled Java code, A=aot compiled Java code, j=interpreted, Vv=VM code, C=native code)
V  [libjvm.so+0xe429e0]  VMError::report_and_die(int, char const*, char const*, __va_list_tag*, Thread*, unsigned char*, void*, void*, char const*, int, unsigned long)+0x310
V  [libjvm.so+0xe435ab]  VMError::report_and_die(Thread*, char const*, int, unsigned long, VMErrorType, char const*, __va_list_tag*)+0x2b
V  [libjvm.so+0x65d4b5]  report_vm_out_of_memory(char const*, int, unsigned long, VMErrorType, char const*, ...)+0xd5
V  [libjvm.so+0xbf7f38]  os::pd_commit_memory_or_exit(char*, unsigned long, unsigned long, bool, char const*)+0x108
V  [libjvm.so+0xbef71d]  os::commit_memory_or_exit(char*, unsigned long, unsigned long, bool, char const*)+0x1d
V  [libjvm.so+0x786ecc]  G1PageBasedVirtualSpace::commit_preferred_pages(unsigned long, unsigned long)+0x6c
V  [libjvm.so+0x787264]  G1PageBasedVirtualSpace::commit(unsigned long, unsigned long)+0x154
V  [libjvm.so+0x795030]  G1RegionsLargerThanCommitSizeMapper::commit_regions(unsigned int, unsigned long, WorkGang*)+0x40
V  [libjvm.so+0x8164b0]  HeapRegionManager::commit_regions(unsigned int, unsigned long, WorkGang*)+0x80
V  [libjvm.so+0x81720f]  HeapRegionManager::make_regions_available(unsigned int, unsigned int, WorkGang*)+0x3f
V  [libjvm.so+0x817789]  HeapRegionManager::expand_at(unsigned int, unsigned int, WorkGang*)+0x119
V  [libjvm.so+0x73c5f0]  G1CollectedHeap::expand(unsigned long, WorkGang*, double*)+0xe0
V  [libjvm.so+0x741b12]  G1CollectedHeap::do_collection_pause_at_safepoint(double)+0x9d2
V  [libjvm.so+0x7a8521]  VM_G1CollectForAllocation::doit()+0x81
V  [libjvm.so+0xe44fc7]  VM_Operation::evaluate()+0xe7
V  [libjvm.so+0xe4aebf]  VMThread::evaluate_operation(VM_Operation*) [clone .constprop.63]+0xff
V  [libjvm.so+0xe4b421]  VMThread::loop()+0x411
V  [libjvm.so+0xe4b873]  VMThread::run()+0x73
V  [libjvm.so+0xdd0b8f]  Thread::call_run()+0x16f
V  [libjvm.so+0xbfdc6e]  thread_native_entry(Thread*)+0xee

VM_Operation (0x00007f29e016e380): G1CollectForAllocation, mode: safepoint, requested by thread 0x00007f299c1f3000


---------------  P R O C E S S  ---------------

Threads class SMR info:
_java_thread_list=0x00007f299011cfd0, length=17, elements={
0x00007f2a20015000, 0x00007f2a2015f000, 0x00007f2a20161000, 0x00007f2a20166000,
0x00007f2a20168800, 0x00007f2a2016a800, 0x00007f2a2016c800, 0x00007f2a2017a800,
0x00007f2a204b7800, 0x00007f2a204b5800, 0x00007f29d8001000, 0x00007f2a205a1000,
0x00007f2a205a2800, 0x00007f2a205a5000, 0x00007f2a20ef4000, 0x00007f299c1f3000,
0x00007f299011d800
}

Java Threads: ( => current thread )
  0x00007f2a20015000 JavaThread "main" [_thread_in_native, id=27177, stack(0x00007f2a277d4000,0x00007f2a278d5000)]
  0x00007f2a2015f000 JavaThread "Reference Handler" daemon [_thread_blocked, id=27191, stack(0x00007f2a005f5000,0x00007f2a006f6000)]
  0x00007f2a20161000 JavaThread "Finalizer" daemon [_thread_blocked, id=27192, stack(0x00007f2a004f4000,0x00007f2a005f5000)]
  0x00007f2a20166000 JavaThread "Signal Dispatcher" daemon [_thread_blocked, id=27193, stack(0x00007f2a003f3000,0x00007f2a004f4000)]
  0x00007f2a20168800 JavaThread "C2 CompilerThread0" daemon [_thread_blocked, id=27195, stack(0x00007f2a002f2000,0x00007f2a003f3000)]
  0x00007f2a2016a800 JavaThread "C1 CompilerThread0" daemon [_thread_blocked, id=27196, stack(0x00007f2a001f1000,0x00007f2a002f2000)]
  0x00007f2a2016c800 JavaThread "Sweeper thread" daemon [_thread_blocked, id=27201, stack(0x00007f2a000f0000,0x00007f2a001f1000)]
  0x00007f2a2017a800 JavaThread "Common-Cleaner" daemon [_thread_blocked, id=27206, stack(0x00007f29e3530000,0x00007f29e3631000)]
  0x00007f2a204b7800 JavaThread "Monitor Ctrl-Break" daemon [_thread_in_native, id=27207, stack(0x00007f29e3005000,0x00007f29e3106000)]
  0x00007f2a204b5800 JavaThread "Service Thread" daemon [_thread_blocked, id=27208, stack(0x00007f29e2f04000,0x00007f29e3005000)]
  0x00007f29d8001000 JavaThread "Attach Listener" daemon [_thread_blocked, id=27215, stack(0x00007f29e25f5000,0x00007f29e26f6000)]
  0x00007f2a205a1000 JavaThread "Catalina-utility-1" [_thread_blocked, id=27537, stack(0x00007f29e27f8000,0x00007f29e28f9000)]
  0x00007f2a205a2800 JavaThread "Catalina-utility-2" [_thread_blocked, id=27538, stack(0x00007f29e1ae9000,0x00007f29e1bea000)]
  0x00007f2a205a5000 JavaThread "container-0" [_thread_blocked, id=27539, stack(0x00007f29e0de8000,0x00007f29e0ee9000)]
  0x00007f2a20ef4000 JavaThread "Twitter Stream consumer /  [1][Receiving stream]" [_thread_blocked, id=27540, stack(0x00007f29e0ce7000,0x00007f29e0de8000)]
  0x00007f299c1f3000 JavaThread "Twitter4J Async Dispatcher[0]" daemon [_thread_blocked, id=27547, stack(0x00007f29e006f000,0x00007f29e0170000)]
  0x00007f299011d800 JavaThread "kafka-producer-network-thread | producer-1" daemon [_thread_blocked, id=27548, stack(0x00007f29978dd000,0x00007f29979de000)]

Other Threads:
=>0x00007f2a2015c000 VMThread "VM Thread" [stack: 0x00007f2a006f8000,0x00007f2a007f8000] [id=27189]
  0x00007f2a204b4000 WatcherThread [stack: 0x00007f29e2e04000,0x00007f29e2f04000] [id=27209]
  0x00007f2a20064000 GCTaskThread "GC Thread#0" [stack: 0x00007f2a03887000,0x00007f2a03987000] [id=27182]
  0x00007f29e4001000 GCTaskThread "GC Thread#1" [stack: 0x00007f29e2aff000,0x00007f29e2bff000] [id=27210]
  0x00007f29e4002800 GCTaskThread "GC Thread#2" [stack: 0x00007f29e29fd000,0x00007f29e2afd000] [id=27211]
  0x00007f29e4005000 GCTaskThread "GC Thread#3" [stack: 0x00007f29e26f8000,0x00007f29e27f8000] [id=27214]
  0x00007f2a20072000 ConcurrentGCThread "G1 Main Marker" [stack: 0x00007f2a03785000,0x00007f2a03885000] [id=27184]
  0x00007f2a20073800 ConcurrentGCThread "G1 Conc#0" [stack: 0x00007f2a03683000,0x00007f2a03783000] [id=27185]
  0x00007f2a200eb000 ConcurrentGCThread "G1 Refine#0" [stack: 0x00007f2a0117d000,0x00007f2a0127d000] [id=27186]
  0x00007f29ec001000 ConcurrentGCThread "G1 Refine#1" [stack: 0x00007f29e28fb000,0x00007f29e29fb000] [id=27212]
  0x00007f2a200ed000 ConcurrentGCThread "G1 Young RemSet Sampling" [stack: 0x00007f2a0107b000,0x00007f2a0117b000] [id=27187]

Threads with active compile tasks:
C2 CompilerThread0  5039       4       java.lang.AbstractStringBuilder::append (43 bytes)
C1 CompilerThread0  5438       2       com.sun.crypto.provider.AESCipher::checkKeySize (79 bytes)

VM state:at safepoint (normal execution)

VM Mutex/Monitor currently owned by a thread:  ([mutex/lock_event])
[0x00007f2a20010b80] Threads_lock - owner thread: 0x00007f2a2015c000
[0x00007f2a20011360] Heap_lock - owner thread: 0x00007f299c1f3000

Heap address: 0x0000000085400000, size: 1964 MB, Compressed Oops mode: 32-bit
Narrow klass base: 0x0000000800000000, Narrow klass shift: 3
Compressed class space size: 1073741824 Address: 0x000000080110c000

Heap:
 garbage-first heap   total 476160K, used 23426K [0x0000000085400000, 0x0000000100000000)
  region size 1024K, 2 young (2048K), 2 survivors (2048K)
 Metaspace       used 42084K, capacity 43177K, committed 43388K, reserved 1087488K
  class space    used 5045K, capacity 5417K, committed 5500K, reserved 1048576K
Heap Regions: E=young(eden), S=young(survivor), O=old, HS=humongous(starts), HC=humongous(continues), CS=collection set, F=free, A=archive, TAMS=top-at-mark-start (previous, next)
|   0|0x0000000085400000, 0x0000000085500000, 0x0000000085500000|100%| O|  |TAMS 0x0000000085500000, 0x0000000085400000| Untracked 
|   1|0x0000000085500000, 0x0000000085600000, 0x0000000085600000|100%| O|  |TAMS 0x0000000085600000, 0x0000000085500000| Untracked 
|   2|0x0000000085600000, 0x0000000085700000, 0x0000000085700000|100%| O|  |TAMS 0x0000000085700000, 0x0000000085600000| Untracked 
|   3|0x0000000085700000, 0x0000000085800000, 0x0000000085800000|100%| O|  |TAMS 0x0000000085800000, 0x0000000085700000| Untracked 
|   4|0x0000000085800000, 0x00000000858c2e00, 0x0000000085900000| 76%| O|  |TAMS 0x00000000858c2e00, 0x0000000085800000| Untracked 
|   5|0x0000000085900000, 0x0000000085a00000, 0x0000000085a00000|100%| O|  |TAMS 0x0000000085a00000, 0x0000000085900000| Untracked 
|   6|0x0000000085a00000, 0x0000000085b00000, 0x0000000085b00000|100%| O|  |TAMS 0x0000000085b00000, 0x0000000085a00000| Untracked 
|   7|0x0000000085b00000, 0x0000000085c00000, 0x0000000085c00000|100%| O|  |TAMS 0x0000000085c00000, 0x0000000085b00000| Untracked 
|   8|0x0000000085c00000, 0x0000000085d00000, 0x0000000085d00000|100%| O|  |TAMS 0x0000000085d00000, 0x0000000085c00000| Untracked 
|   9|0x0000000085d00000, 0x0000000085e00000, 0x0000000085e00000|100%| O|  |TAMS 0x0000000085e00000, 0x0000000085d00000| Untracked 
|  10|0x0000000085e00000, 0x0000000085f00000, 0x0000000085f00000|100%| O|  |TAMS 0x0000000085f00000, 0x0000000085e00000| Untracked 
|  11|0x0000000085f00000, 0x0000000086000000, 0x0000000086000000|100%| O|  |TAMS 0x0000000086000000, 0x0000000085f00000| Untracked 
|  12|0x0000000086000000, 0x0000000086100000, 0x0000000086100000|100%| O|  |TAMS 0x0000000086100000, 0x0000000086000000| Untracked 
|  13|0x0000000086100000, 0x0000000086200000, 0x0000000086200000|100%| O|  |TAMS 0x00000000861ec000, 0x0000000086100000| Untracked 
|  14|0x0000000086200000, 0x0000000086300000, 0x0000000086300000|100%| O|  |TAMS 0x0000000086200000, 0x0000000086200000| Untracked 
|  15|0x0000000086300000, 0x0000000086400000, 0x0000000086400000|100%| O|  |TAMS 0x0000000086300000, 0x0000000086300000| Untracked 
|  16|0x0000000086400000, 0x0000000086500000, 0x0000000086500000|100%| O|  |TAMS 0x0000000086400000, 0x0000000086400000| Untracked 
|  17|0x0000000086500000, 0x0000000086600000, 0x0000000086600000|100%| O|  |TAMS 0x0000000086500000, 0x0000000086500000| Untracked 
|  18|0x0000000086600000, 0x0000000086700000, 0x0000000086700000|100%| O|  |TAMS 0x0000000086600000, 0x0000000086600000| Untracked 
|  19|0x0000000086700000, 0x0000000086800000, 0x0000000086800000|100%| O|  |TAMS 0x0000000086700000, 0x0000000086700000| Untracked 
|  20|0x0000000086800000, 0x0000000086875400, 0x0000000086900000| 45%| O|  |TAMS 0x0000000086800000, 0x0000000086800000| Untracked 
|  21|0x0000000086900000, 0x0000000086900000, 0x0000000086a00000|  0%| F|  |TAMS 0x0000000086900000, 0x0000000086900000| Untracked 
|  22|0x0000000086a00000, 0x0000000086a00000, 0x0000000086b00000|  0%| F|  |TAMS 0x0000000086a00000, 0x0000000086a00000| Untracked 
|  23|0x0000000086b00000, 0x0000000086b00000, 0x0000000086c00000|  0%| F|  |TAMS 0x0000000086b00000, 0x0000000086b00000| Untracked 
|  24|0x0000000086c00000, 0x0000000086c00000, 0x0000000086d00000|  0%| F|  |TAMS 0x0000000086c00000, 0x0000000086c00000| Untracked 
|  25|0x0000000086d00000, 0x0000000086d00000, 0x0000000086e00000|  0%| F|  |TAMS 0x0000000086d00000, 0x0000000086d00000| Untracked 
|  26|0x0000000086e00000, 0x0000000086e00000, 0x0000000086f00000|  0%| F|  |TAMS 0x0000000086e00000, 0x0000000086e00000| Untracked 
|  27|0x0000000086f00000, 0x0000000086f00000, 0x0000000087000000|  0%| F|  |TAMS 0x0000000086f00000, 0x0000000086f00000| Untracked 
|  28|0x0000000087000000, 0x0000000087000000, 0x0000000087100000|  0%| F|  |TAMS 0x0000000087000000, 0x0000000087000000| Untracked 
|  29|0x0000000087100000, 0x0000000087100000, 0x0000000087200000|  0%| F|  |TAMS 0x0000000087100000, 0x0000000087100000| Untracked 
|  30|0x0000000087200000, 0x0000000087200000, 0x0000000087300000|  0%| F|  |TAMS 0x0000000087200000, 0x0000000087200000| Untracked 
|  31|0x0000000087300000, 0x0000000087300000, 0x0000000087400000|  0%| F|  |TAMS 0x0000000087300000, 0x0000000087300000| Untracked 
|  32|0x0000000087400000, 0x0000000087400000, 0x0000000087500000|  0%| F|  |TAMS 0x0000000087400000, 0x0000000087400000| Untracked 
|  33|0x0000000087500000, 0x0000000087500000, 0x0000000087600000|  0%| F|  |TAMS 0x0000000087500000, 0x0000000087500000| Untracked 
|  34|0x0000000087600000, 0x0000000087600000, 0x0000000087700000|  0%| F|  |TAMS 0x0000000087600000, 0x0000000087600000| Untracked 
|  35|0x0000000087700000, 0x0000000087700000, 0x0000000087800000|  0%| F|  |TAMS 0x0000000087700000, 0x0000000087700000| Untracked 
|  36|0x0000000087800000, 0x0000000087800000, 0x0000000087900000|  0%| F|  |TAMS 0x0000000087800000, 0x0000000087800000| Untracked 
|  37|0x0000000087900000, 0x0000000087900000, 0x0000000087a00000|  0%| F|  |TAMS 0x0000000087900000, 0x0000000087900000| Untracked 
|  38|0x0000000087a00000, 0x0000000087a00000, 0x0000000087b00000|  0%| F|  |TAMS 0x0000000087a00000, 0x0000000087a00000| Untracked 
|  39|0x0000000087b00000, 0x0000000087b00000, 0x0000000087c00000|  0%| F|  |TAMS 0x0000000087b00000, 0x0000000087b00000| Untracked 
|  40|0x0000000087c00000, 0x0000000087c00000, 0x0000000087d00000|  0%| F|  |TAMS 0x0000000087c00000, 0x0000000087c00000| Untracked 
|  41|0x0000000087d00000, 0x0000000087d00000, 0x0000000087e00000|  0%| F|  |TAMS 0x0000000087d00000, 0x0000000087d00000| Untracked 
|  42|0x0000000087e00000, 0x0000000087e00000, 0x0000000087f00000|  0%| F|  |TAMS 0x0000000087e00000, 0x0000000087e00000| Untracked 
|  43|0x0000000087f00000, 0x0000000087f00000, 0x0000000088000000|  0%| F|  |TAMS 0x0000000087f00000, 0x0000000087f00000| Untracked 
|  44|0x0000000088000000, 0x0000000088000000, 0x0000000088100000|  0%| F|  |TAMS 0x0000000088000000, 0x0000000088000000| Untracked 
|  45|0x0000000088100000, 0x0000000088100000, 0x0000000088200000|  0%| F|  |TAMS 0x0000000088100000, 0x0000000088100000| Untracked 
|  46|0x0000000088200000, 0x0000000088200000, 0x0000000088300000|  0%| F|  |TAMS 0x0000000088200000, 0x0000000088200000| Untracked 
|  47|0x0000000088300000, 0x0000000088300000, 0x0000000088400000|  0%| F|  |TAMS 0x0000000088300000, 0x0000000088300000| Untracked 
|  48|0x0000000088400000, 0x0000000088400000, 0x0000000088500000|  0%| F|  |TAMS 0x0000000088400000, 0x0000000088400000| Untracked 
|  49|0x0000000088500000, 0x0000000088500000, 0x0000000088600000|  0%| F|  |TAMS 0x0000000088500000, 0x0000000088500000| Untracked 
|  50|0x0000000088600000, 0x0000000088600000, 0x0000000088700000|  0%| F|  |TAMS 0x0000000088600000, 0x0000000088600000| Untracked 
|  51|0x0000000088700000, 0x0000000088700000, 0x0000000088800000|  0%| F|  |TAMS 0x0000000088700000, 0x0000000088700000| Untracked 
|  52|0x0000000088800000, 0x0000000088800000, 0x0000000088900000|  0%| F|  |TAMS 0x0000000088800000, 0x0000000088800000| Untracked 
|  53|0x0000000088900000, 0x0000000088900000, 0x0000000088a00000|  0%| F|  |TAMS 0x0000000088900000, 0x0000000088900000| Untracked 
|  54|0x0000000088a00000, 0x0000000088a00000, 0x0000000088b00000|  0%| F|  |TAMS 0x0000000088a00000, 0x0000000088a00000| Untracked 
|  55|0x0000000088b00000, 0x0000000088b00000, 0x0000000088c00000|  0%| F|  |TAMS 0x0000000088b00000, 0x0000000088b00000| Untracked 
|  56|0x0000000088c00000, 0x0000000088c00000, 0x0000000088d00000|  0%| F|  |TAMS 0x0000000088c00000, 0x0000000088c00000| Untracked 
|  57|0x0000000088d00000, 0x0000000088d00000, 0x0000000088e00000|  0%| F|  |TAMS 0x0000000088d00000, 0x0000000088d00000| Untracked 
|  58|0x0000000088e00000, 0x0000000088e00000, 0x0000000088f00000|  0%| F|  |TAMS 0x0000000088e00000, 0x0000000088e00000| Untracked 
|  59|0x0000000088f00000, 0x0000000088f00000, 0x0000000089000000|  0%| F|  |TAMS 0x0000000088f00000, 0x0000000088f00000| Untracked 
|  60|0x0000000089000000, 0x0000000089000000, 0x0000000089100000|  0%| F|  |TAMS 0x0000000089000000, 0x0000000089000000| Untracked 
|  61|0x0000000089100000, 0x0000000089100000, 0x0000000089200000|  0%| F|  |TAMS 0x0000000089100000, 0x0000000089100000| Untracked 
|  62|0x0000000089200000, 0x0000000089200000, 0x0000000089300000|  0%| F|  |TAMS 0x0000000089200000, 0x0000000089200000| Untracked 
|  63|0x0000000089300000, 0x0000000089300000, 0x0000000089400000|  0%| F|  |TAMS 0x0000000089300000, 0x0000000089300000| Untracked 
|  64|0x0000000089400000, 0x0000000089400000, 0x0000000089500000|  0%| F|  |TAMS 0x0000000089400000, 0x0000000089400000| Untracked 
|  65|0x0000000089500000, 0x0000000089500000, 0x0000000089600000|  0%| F|  |TAMS 0x0000000089500000, 0x0000000089500000| Untracked 
|  66|0x0000000089600000, 0x0000000089600000, 0x0000000089700000|  0%| F|  |TAMS 0x0000000089600000, 0x0000000089600000| Untracked 
|  67|0x0000000089700000, 0x0000000089700000, 0x0000000089800000|  0%| F|  |TAMS 0x0000000089700000, 0x0000000089700000| Untracked 
|  68|0x0000000089800000, 0x0000000089800000, 0x0000000089900000|  0%| F|  |TAMS 0x0000000089800000, 0x0000000089800000| Untracked 
|  69|0x0000000089900000, 0x0000000089900000, 0x0000000089a00000|  0%| F|  |TAMS 0x0000000089900000, 0x0000000089900000| Untracked 
|  70|0x0000000089a00000, 0x0000000089a00000, 0x0000000089b00000|  0%| F|  |TAMS 0x0000000089a00000, 0x0000000089a00000| Untracked 
|  71|0x0000000089b00000, 0x0000000089b00000, 0x0000000089c00000|  0%| F|  |TAMS 0x0000000089b00000, 0x0000000089b00000| Untracked 
|  72|0x0000000089c00000, 0x0000000089c00000, 0x0000000089d00000|  0%| F|  |TAMS 0x0000000089c00000, 0x0000000089c00000| Untracked 
|  73|0x0000000089d00000, 0x0000000089d00000, 0x0000000089e00000|  0%| F|  |TAMS 0x0000000089d00000, 0x0000000089d00000| Untracked 
|  74|0x0000000089e00000, 0x0000000089e00000, 0x0000000089f00000|  0%| F|  |TAMS 0x0000000089e00000, 0x0000000089e00000| Untracked 
|  75|0x0000000089f00000, 0x0000000089f00000, 0x000000008a000000|  0%| F|  |TAMS 0x0000000089f00000, 0x0000000089f00000| Untracked 
|  76|0x000000008a000000, 0x000000008a000000, 0x000000008a100000|  0%| F|  |TAMS 0x000000008a000000, 0x000000008a000000| Untracked 
|  77|0x000000008a100000, 0x000000008a100000, 0x000000008a200000|  0%| F|  |TAMS 0x000000008a100000, 0x000000008a100000| Untracked 
|  78|0x000000008a200000, 0x000000008a200000, 0x000000008a300000|  0%| F|  |TAMS 0x000000008a200000, 0x000000008a200000| Untracked 
|  79|0x000000008a300000, 0x000000008a300000, 0x000000008a400000|  0%| F|  |TAMS 0x000000008a300000, 0x000000008a300000| Untracked 
|  80|0x000000008a400000, 0x000000008a400000, 0x000000008a500000|  0%| F|  |TAMS 0x000000008a400000, 0x000000008a400000| Untracked 
|  81|0x000000008a500000, 0x000000008a500000, 0x000000008a600000|  0%| F|  |TAMS 0x000000008a500000, 0x000000008a500000| Untracked 
|  82|0x000000008a600000, 0x000000008a600000, 0x000000008a700000|  0%| F|  |TAMS 0x000000008a600000, 0x000000008a600000| Untracked 
|  83|0x000000008a700000, 0x000000008a700000, 0x000000008a800000|  0%| F|  |TAMS 0x000000008a700000, 0x000000008a700000| Untracked 
|  84|0x000000008a800000, 0x000000008a800000, 0x000000008a900000|  0%| F|  |TAMS 0x000000008a800000, 0x000000008a800000| Untracked 
|  85|0x000000008a900000, 0x000000008a900000, 0x000000008aa00000|  0%| F|  |TAMS 0x000000008a900000, 0x000000008a900000| Untracked 
|  86|0x000000008aa00000, 0x000000008aa00000, 0x000000008ab00000|  0%| F|  |TAMS 0x000000008aa00000, 0x000000008aa00000| Untracked 
|  87|0x000000008ab00000, 0x000000008ab00000, 0x000000008ac00000|  0%| F|  |TAMS 0x000000008ab00000, 0x000000008ab00000| Untracked 
|  88|0x000000008ac00000, 0x000000008ac00000, 0x000000008ad00000|  0%| F|  |TAMS 0x000000008ac00000, 0x000000008ac00000| Untracked 
|  89|0x000000008ad00000, 0x000000008ad00000, 0x000000008ae00000|  0%| F|  |TAMS 0x000000008ad00000, 0x000000008ad00000| Untracked 
|  90|0x000000008ae00000, 0x000000008ae00000, 0x000000008af00000|  0%| F|  |TAMS 0x000000008ae00000, 0x000000008ae00000| Untracked 
|  91|0x000000008af00000, 0x000000008af00000, 0x000000008b000000|  0%| F|  |TAMS 0x000000008af00000, 0x000000008af00000| Untracked 
|  92|0x000000008b000000, 0x000000008b000000, 0x000000008b100000|  0%| F|  |TAMS 0x000000008b000000, 0x000000008b000000| Untracked 
|  93|0x000000008b100000, 0x000000008b100000, 0x000000008b200000|  0%| F|  |TAMS 0x000000008b100000, 0x000000008b100000| Untracked 
|  94|0x000000008b200000, 0x000000008b200000, 0x000000008b300000|  0%| F|  |TAMS 0x000000008b200000, 0x000000008b200000| Untracked 
|  95|0x000000008b300000, 0x000000008b300000, 0x000000008b400000|  0%| F|  |TAMS 0x000000008b300000, 0x000000008b300000| Untracked 
|  96|0x000000008b400000, 0x000000008b400000, 0x000000008b500000|  0%| F|  |TAMS 0x000000008b400000, 0x000000008b400000| Untracked 
|  97|0x000000008b500000, 0x000000008b500000, 0x000000008b600000|  0%| F|  |TAMS 0x000000008b500000, 0x000000008b500000| Untracked 
|  98|0x000000008b600000, 0x000000008b600000, 0x000000008b700000|  0%| F|  |TAMS 0x000000008b600000, 0x000000008b600000| Untracked 
|  99|0x000000008b700000, 0x000000008b700000, 0x000000008b800000|  0%| F|  |TAMS 0x000000008b700000, 0x000000008b700000| Untracked 
| 100|0x000000008b800000, 0x000000008b800000, 0x000000008b900000|  0%| F|  |TAMS 0x000000008b800000, 0x000000008b800000| Untracked 
| 101|0x000000008b900000, 0x000000008b900000, 0x000000008ba00000|  0%| F|  |TAMS 0x000000008b900000, 0x000000008b900000| Untracked 
| 102|0x000000008ba00000, 0x000000008ba00000, 0x000000008bb00000|  0%| F|  |TAMS 0x000000008ba00000, 0x000000008ba00000| Untracked 
| 103|0x000000008bb00000, 0x000000008bb00000, 0x000000008bc00000|  0%| F|  |TAMS 0x000000008bb00000, 0x000000008bb00000| Untracked 
| 104|0x000000008bc00000, 0x000000008bc00000, 0x000000008bd00000|  0%| F|  |TAMS 0x000000008bc00000, 0x000000008bc00000| Untracked 
| 105|0x000000008bd00000, 0x000000008bd00000, 0x000000008be00000|  0%| F|  |TAMS 0x000000008bd00000, 0x000000008bd00000| Untracked 
| 106|0x000000008be00000, 0x000000008be00000, 0x000000008bf00000|  0%| F|  |TAMS 0x000000008be00000, 0x000000008be00000| Untracked 
| 107|0x000000008bf00000, 0x000000008bf00000, 0x000000008c000000|  0%| F|  |TAMS 0x000000008bf00000, 0x000000008bf00000| Untracked 
| 108|0x000000008c000000, 0x000000008c000000, 0x000000008c100000|  0%| F|  |TAMS 0x000000008c000000, 0x000000008c000000| Untracked 
| 109|0x000000008c100000, 0x000000008c100000, 0x000000008c200000|  0%| F|  |TAMS 0x000000008c100000, 0x000000008c100000| Untracked 
| 110|0x000000008c200000, 0x000000008c200000, 0x000000008c300000|  0%| F|  |TAMS 0x000000008c200000, 0x000000008c200000| Untracked 
| 111|0x000000008c300000, 0x000000008c300000, 0x000000008c400000|  0%| F|  |TAMS 0x000000008c300000, 0x000000008c300000| Untracked 
| 112|0x000000008c400000, 0x000000008c400000, 0x000000008c500000|  0%| F|  |TAMS 0x000000008c400000, 0x000000008c400000| Untracked 
| 113|0x000000008c500000, 0x000000008c500000, 0x000000008c600000|  0%| F|  |TAMS 0x000000008c500000, 0x000000008c500000| Untracked 
| 114|0x000000008c600000, 0x000000008c600000, 0x000000008c700000|  0%| F|  |TAMS 0x000000008c600000, 0x000000008c600000| Untracked 
| 115|0x000000008c700000, 0x000000008c700000, 0x000000008c800000|  0%| F|  |TAMS 0x000000008c700000, 0x000000008c700000| Untracked 
| 116|0x000000008c800000, 0x000000008c800000, 0x000000008c900000|  0%| F|  |TAMS 0x000000008c800000, 0x000000008c800000| Untracked 
| 117|0x000000008c900000, 0x000000008c900000, 0x000000008ca00000|  0%| F|  |TAMS 0x000000008c900000, 0x000000008c900000| Untracked 
| 118|0x000000008ca00000, 0x000000008ca00000, 0x000000008cb00000|  0%| F|  |TAMS 0x000000008ca00000, 0x000000008ca00000| Untracked 
| 119|0x000000008cb00000, 0x000000008cb00000, 0x000000008cc00000|  0%| F|  |TAMS 0x000000008cb00000, 0x000000008cb00000| Untracked 
| 120|0x000000008cc00000, 0x000000008cc00000, 0x000000008cd00000|  0%| F|  |TAMS 0x000000008cc00000, 0x000000008cc00000| Untracked 
| 121|0x000000008cd00000, 0x000000008cd00000, 0x000000008ce00000|  0%| F|  |TAMS 0x000000008cd00000, 0x000000008cd00000| Untracked 
| 122|0x000000008ce00000, 0x000000008ce00000, 0x000000008cf00000|  0%| F|  |TAMS 0x000000008ce00000, 0x000000008ce00000| Untracked 
| 123|0x000000008cf00000, 0x000000008cf00000, 0x000000008d000000|  0%| F|  |TAMS 0x000000008cf00000, 0x000000008cf00000| Untracked 
| 124|0x000000008d000000, 0x000000008d000000, 0x000000008d100000|  0%| F|  |TAMS 0x000000008d000000, 0x000000008d000000| Untracked 
| 125|0x000000008d100000, 0x000000008d100000, 0x000000008d200000|  0%| F|  |TAMS 0x000000008d100000, 0x000000008d100000| Untracked 
| 126|0x000000008d200000, 0x000000008d200000, 0x000000008d300000|  0%| F|  |TAMS 0x000000008d200000, 0x000000008d200000| Untracked 
| 127|0x000000008d300000, 0x000000008d300000, 0x000000008d400000|  0%| F|  |TAMS 0x000000008d300000, 0x000000008d300000| Untracked 
| 128|0x000000008d400000, 0x000000008d400000, 0x000000008d500000|  0%| F|  |TAMS 0x000000008d400000, 0x000000008d400000| Untracked 
| 129|0x000000008d500000, 0x000000008d500000, 0x000000008d600000|  0%| F|  |TAMS 0x000000008d500000, 0x000000008d500000| Untracked 
| 130|0x000000008d600000, 0x000000008d600000, 0x000000008d700000|  0%| F|  |TAMS 0x000000008d600000, 0x000000008d600000| Untracked 
| 131|0x000000008d700000, 0x000000008d700000, 0x000000008d800000|  0%| F|  |TAMS 0x000000008d700000, 0x000000008d700000| Untracked 
| 132|0x000000008d800000, 0x000000008d800000, 0x000000008d900000|  0%| F|  |TAMS 0x000000008d800000, 0x000000008d800000| Untracked 
| 133|0x000000008d900000, 0x000000008d900000, 0x000000008da00000|  0%| F|  |TAMS 0x000000008d900000, 0x000000008d900000| Untracked 
| 134|0x000000008da00000, 0x000000008da00000, 0x000000008db00000|  0%| F|  |TAMS 0x000000008da00000, 0x000000008da00000| Untracked 
| 135|0x000000008db00000, 0x000000008db00000, 0x000000008dc00000|  0%| F|  |TAMS 0x000000008db00000, 0x000000008db00000| Untracked 
| 136|0x000000008dc00000, 0x000000008dc00000, 0x000000008dd00000|  0%| F|  |TAMS 0x000000008dc00000, 0x000000008dc00000| Untracked 
| 137|0x000000008dd00000, 0x000000008dd00000, 0x000000008de00000|  0%| F|  |TAMS 0x000000008dd00000, 0x000000008dd00000| Untracked 
| 138|0x000000008de00000, 0x000000008de00000, 0x000000008df00000|  0%| F|  |TAMS 0x000000008de00000, 0x000000008de00000| Untracked 
| 139|0x000000008df00000, 0x000000008df00000, 0x000000008e000000|  0%| F|  |TAMS 0x000000008df00000, 0x000000008df00000| Untracked 
| 140|0x000000008e000000, 0x000000008e000000, 0x000000008e100000|  0%| F|  |TAMS 0x000000008e000000, 0x000000008e000000| Untracked 
| 141|0x000000008e100000, 0x000000008e100000, 0x000000008e200000|  0%| F|  |TAMS 0x000000008e100000, 0x000000008e100000| Untracked 
| 142|0x000000008e200000, 0x000000008e200000, 0x000000008e300000|  0%| F|  |TAMS 0x000000008e200000, 0x000000008e200000| Untracked 
| 143|0x000000008e300000, 0x000000008e300000, 0x000000008e400000|  0%| F|  |TAMS 0x000000008e300000, 0x000000008e300000| Untracked 
| 144|0x000000008e400000, 0x000000008e400000, 0x000000008e500000|  0%| F|  |TAMS 0x000000008e400000, 0x000000008e400000| Untracked 
| 145|0x000000008e500000, 0x000000008e500000, 0x000000008e600000|  0%| F|  |TAMS 0x000000008e500000, 0x000000008e500000| Untracked 
| 146|0x000000008e600000, 0x000000008e600000, 0x000000008e700000|  0%| F|  |TAMS 0x000000008e600000, 0x000000008e600000| Untracked 
| 147|0x000000008e700000, 0x000000008e700000, 0x000000008e800000|  0%| F|  |TAMS 0x000000008e700000, 0x000000008e700000| Untracked 
| 148|0x000000008e800000, 0x000000008e800000, 0x000000008e900000|  0%| F|  |TAMS 0x000000008e800000, 0x000000008e800000| Untracked 
| 149|0x000000008e900000, 0x000000008e900000, 0x000000008ea00000|  0%| F|  |TAMS 0x000000008e900000, 0x000000008e900000| Untracked 
| 150|0x000000008ea00000, 0x000000008ea00000, 0x000000008eb00000|  0%| F|  |TAMS 0x000000008ea00000, 0x000000008ea00000| Untracked 
| 151|0x000000008eb00000, 0x000000008eb00000, 0x000000008ec00000|  0%| F|  |TAMS 0x000000008eb00000, 0x000000008eb00000| Untracked 
| 152|0x000000008ec00000, 0x000000008ec00000, 0x000000008ed00000|  0%| F|  |TAMS 0x000000008ec00000, 0x000000008ec00000| Untracked 
| 153|0x000000008ed00000, 0x000000008ed00000, 0x000000008ee00000|  0%| F|  |TAMS 0x000000008ed00000, 0x000000008ed00000| Untracked 
| 154|0x000000008ee00000, 0x000000008ee00000, 0x000000008ef00000|  0%| F|  |TAMS 0x000000008ee00000, 0x000000008ee00000| Untracked 
| 155|0x000000008ef00000, 0x000000008ef00000, 0x000000008f000000|  0%| F|  |TAMS 0x000000008ef00000, 0x000000008ef00000| Untracked 
| 156|0x000000008f000000, 0x000000008f000000, 0x000000008f100000|  0%| F|  |TAMS 0x000000008f000000, 0x000000008f000000| Untracked 
| 157|0x000000008f100000, 0x000000008f100000, 0x000000008f200000|  0%| F|  |TAMS 0x000000008f100000, 0x000000008f100000| Untracked 
| 158|0x000000008f200000, 0x000000008f200000, 0x000000008f300000|  0%| F|  |TAMS 0x000000008f200000, 0x000000008f200000| Untracked 
| 159|0x000000008f300000, 0x000000008f300000, 0x000000008f400000|  0%| F|  |TAMS 0x000000008f300000, 0x000000008f300000| Untracked 
| 160|0x000000008f400000, 0x000000008f400000, 0x000000008f500000|  0%| F|  |TAMS 0x000000008f400000, 0x000000008f400000| Untracked 
| 161|0x000000008f500000, 0x000000008f500000, 0x000000008f600000|  0%| F|  |TAMS 0x000000008f500000, 0x000000008f500000| Untracked 
| 162|0x000000008f600000, 0x000000008f600000, 0x000000008f700000|  0%| F|  |TAMS 0x000000008f600000, 0x000000008f600000| Untracked 
| 163|0x000000008f700000, 0x000000008f700000, 0x000000008f800000|  0%| F|  |TAMS 0x000000008f700000, 0x000000008f700000| Untracked 
| 164|0x000000008f800000, 0x000000008f800000, 0x000000008f900000|  0%| F|  |TAMS 0x000000008f800000, 0x000000008f800000| Untracked 
| 165|0x000000008f900000, 0x000000008f900000, 0x000000008fa00000|  0%| F|  |TAMS 0x000000008f900000, 0x000000008f900000| Untracked 
| 166|0x000000008fa00000, 0x000000008fa00000, 0x000000008fb00000|  0%| F|  |TAMS 0x000000008fa00000, 0x000000008fa00000| Untracked 
| 167|0x000000008fb00000, 0x000000008fb00000, 0x000000008fc00000|  0%| F|  |TAMS 0x000000008fb00000, 0x000000008fb00000| Untracked 
| 168|0x000000008fc00000, 0x000000008fc00000, 0x000000008fd00000|  0%| F|  |TAMS 0x000000008fc00000, 0x000000008fc00000| Untracked 
| 169|0x000000008fd00000, 0x000000008fd00000, 0x000000008fe00000|  0%| F|  |TAMS 0x000000008fd00000, 0x000000008fd00000| Untracked 
| 170|0x000000008fe00000, 0x000000008fe00000, 0x000000008ff00000|  0%| F|  |TAMS 0x000000008fe00000, 0x000000008fe00000| Untracked 
| 171|0x000000008ff00000, 0x000000008ff00000, 0x0000000090000000|  0%| F|  |TAMS 0x000000008ff00000, 0x000000008ff00000| Untracked 
| 172|0x0000000090000000, 0x0000000090000000, 0x0000000090100000|  0%| F|  |TAMS 0x0000000090000000, 0x0000000090000000| Untracked 
| 173|0x0000000090100000, 0x0000000090100000, 0x0000000090200000|  0%| F|  |TAMS 0x0000000090100000, 0x0000000090100000| Untracked 
| 174|0x0000000090200000, 0x0000000090200000, 0x0000000090300000|  0%| F|  |TAMS 0x0000000090200000, 0x0000000090200000| Untracked 
| 175|0x0000000090300000, 0x0000000090300000, 0x0000000090400000|  0%| F|  |TAMS 0x0000000090300000, 0x0000000090300000| Untracked 
| 176|0x0000000090400000, 0x0000000090400000, 0x0000000090500000|  0%| F|  |TAMS 0x0000000090400000, 0x0000000090400000| Untracked 
| 177|0x0000000090500000, 0x0000000090500000, 0x0000000090600000|  0%| F|  |TAMS 0x0000000090500000, 0x0000000090500000| Untracked 
| 178|0x0000000090600000, 0x0000000090600000, 0x0000000090700000|  0%| F|  |TAMS 0x0000000090600000, 0x0000000090600000| Untracked 
| 179|0x0000000090700000, 0x0000000090700000, 0x0000000090800000|  0%| F|  |TAMS 0x0000000090700000, 0x0000000090700000| Untracked 
| 180|0x0000000090800000, 0x0000000090800000, 0x0000000090900000|  0%| F|  |TAMS 0x0000000090800000, 0x0000000090800000| Untracked 
| 181|0x0000000090900000, 0x00000000909ed880, 0x0000000090a00000| 92%| S|CS|TAMS 0x0000000090900000, 0x0000000090900000| Complete 
| 182|0x0000000090a00000, 0x0000000090b00000, 0x0000000090b00000|100%| S|CS|TAMS 0x0000000090a00000, 0x0000000090a00000| Complete 
| 183|0x0000000090b00000, 0x0000000090b00000, 0x0000000090c00000|  0%| F|  |TAMS 0x0000000090b00000, 0x0000000090b00000| Untracked 
| 184|0x0000000090c00000, 0x0000000090c00000, 0x0000000090d00000|  0%| F|  |TAMS 0x0000000090c00000, 0x0000000090c00000| Untracked 
| 185|0x0000000090d00000, 0x0000000090d00000, 0x0000000090e00000|  0%| F|  |TAMS 0x0000000090d00000, 0x0000000090d00000| Untracked 
| 186|0x0000000090e00000, 0x0000000090e00000, 0x0000000090f00000|  0%| F|  |TAMS 0x0000000090e00000, 0x0000000090e00000| Untracked 
| 187|0x0000000090f00000, 0x0000000090f00000, 0x0000000091000000|  0%| F|  |TAMS 0x0000000090f00000, 0x0000000090f00000| Untracked 
| 188|0x0000000091000000, 0x0000000091000000, 0x0000000091100000|  0%| F|  |TAMS 0x0000000091000000, 0x0000000091000000| Untracked 
| 189|0x0000000091100000, 0x0000000091100000, 0x0000000091200000|  0%| F|  |TAMS 0x0000000091100000, 0x0000000091100000| Untracked 
|1962|0x00000000ffe00000, 0x00000000ffe49000, 0x00000000fff00000| 28%|OA|  |TAMS 0x00000000ffe49000, 0x00000000ffe00000| Untracked 
|1963|0x00000000fff00000, 0x00000000fff72000, 0x0000000100000000| 44%|CA|  |TAMS 0x00000000fff72000, 0x00000000fff00000| Untracked 

Card table byte_map: [0x00007f2a07abd000,0x00007f2a07e93000] _byte_map_base: 0x00007f2a07693000

Marking Bits (Prev, Next): (CMBitMap*) 0x00007f2a200656e8, (CMBitMap*) 0x00007f2a200656a8
 Prev Bits: [0x00007f2a03987000, 0x00007f2a05837000)
 Next Bits: [0x00007f2a05837000, 0x00007f2a076e7000)

Polling page: 0x00007f2a278eb000

Metaspace:

Usage:
  Non-class:     36.88 MB capacity,    36.17 MB ( 98%) used,   602.28 KB (  2%) free+waste,   118.06 KB ( <1%) overhead. 
      Class:      5.29 MB capacity,     4.93 MB ( 93%) used,   317.67 KB (  6%) free+waste,    54.25 KB (  1%) overhead. 
       Both:     42.17 MB capacity,    41.10 MB ( 97%) used,   919.95 KB (  2%) free+waste,   172.31 KB ( <1%) overhead. 

Virtual space:
  Non-class space:       38.00 MB reserved,      37.00 MB ( 97%) committed 
      Class space:        1.00 GB reserved,       5.37 MB ( <1%) committed 
             Both:        1.04 GB reserved,      42.37 MB (  4%) committed 

Chunk freelists:
   Non-Class:  1.50 KB
       Class:  0 bytes
        Both:  1.50 KB

CodeHeap 'non-profiled nmethods': size=120032Kb used=1916Kb max_used=1916Kb free=118115Kb
 bounds [0x00007f2a10220000, 0x00007f2a10490000, 0x00007f2a17758000]
CodeHeap 'profiled nmethods': size=120032Kb used=11030Kb max_used=11030Kb free=109001Kb
 bounds [0x00007f2a08ce8000, 0x00007f2a097b8000, 0x00007f2a10220000]
CodeHeap 'non-nmethods': size=5696Kb used=1272Kb max_used=1298Kb free=4423Kb
 bounds [0x00007f2a08758000, 0x00007f2a089c8000, 0x00007f2a08ce8000]
 total_blobs=6422 nmethods=4920 adapters=565
 compilation: enabled
              stopped_count=0, restarted_count=0
 full_count=0

Compilation events (10 events):
Event: 89.300 Thread 0x00007f2a2016a800 nmethod 5423 0x00007f2a097aa490 code [0x00007f2a097aa6a0, 0x00007f2a097aab88]
Event: 89.301 Thread 0x00007f2a2016a800 5435       2       javax.crypto.Cipher::checkOpmode (21 bytes)
Event: 89.453 Thread 0x00007f2a2016a800 nmethod 5435 0x00007f2a097aaf10 code [0x00007f2a097ab0e0, 0x00007f2a097ab308]
Event: 89.454 Thread 0x00007f2a2016a800 5436       2       javax.crypto.Cipher::checkCryptoPerm (56 bytes)
Event: 89.696 Thread 0x00007f2a2016a800 nmethod 5436 0x00007f2a097ab410 code [0x00007f2a097ab600, 0x00007f2a097ab9d8]
Event: 89.696 Thread 0x00007f2a2016a800 5437       2       com.sun.crypto.provider.AESCipher::engineInit (26 bytes)
Event: 89.734 Thread 0x00007f2a2016a800 nmethod 5437 0x00007f2a097abb90 code [0x00007f2a097abd60, 0x00007f2a097abf58]
Event: 89.734 Thread 0x00007f2a2016a800 5465       2       com.google.common.collect.ImmutableSet::construct (245 bytes)
Event: 89.980 Thread 0x00007f2a2016a800 nmethod 5465 0x00007f2a097ac090 code [0x00007f2a097ac380, 0x00007f2a097ad1c8]
Event: 89.980 Thread 0x00007f2a2016a800 5438       2       com.sun.crypto.provider.AESCipher::checkKeySize (79 bytes)

GC Heap History (10 events):
Event: 23.897 GC heap after
{Heap after GC invocations=16 (full 0):
 garbage-first heap   total 196608K, used 19980K [0x0000000085400000, 0x0000000100000000)
  region size 1024K, 1 young (1024K), 1 survivors (1024K)
 Metaspace       used 41730K, capacity 42751K, committed 43132K, reserved 1087488K
  class space    used 5038K, capacity 5410K, committed 5500K, reserved 1048576K
}
Event: 31.178 GC heap before
{Heap before GC invocations=16 (full 0):
 garbage-first heap   total 196608K, used 27148K [0x0000000085400000, 0x0000000100000000)
  region size 1024K, 9 young (9216K), 1 survivors (1024K)
 Metaspace       used 41864K, capacity 42949K, committed 43132K, reserved 1087488K
  class space    used 5040K, capacity 5411K, committed 5500K, reserved 1048576K
}
Event: 31.443 GC heap after
{Heap after GC invocations=17 (full 0):
 garbage-first heap   total 196608K, used 20487K [0x0000000085400000, 0x0000000100000000)
  region size 1024K, 1 young (1024K), 1 survivors (1024K)
 Metaspace       used 41864K, capacity 42949K, committed 43132K, reserved 1087488K
  class space    used 5040K, capacity 5411K, committed 5500K, reserved 1048576K
}
Event: 46.583 GC heap before
{Heap before GC invocations=17 (full 0):
 garbage-first heap   total 196608K, used 28679K [0x0000000085400000, 0x0000000100000000)
  region size 1024K, 9 young (9216K), 1 survivors (1024K)
 Metaspace       used 41963K, capacity 43043K, committed 43388K, reserved 1087488K
  class space    used 5044K, capacity 5416K, committed 5500K, reserved 1048576K
}
Event: 47.888 GC heap after
{Heap after GC invocations=18 (full 0):
 garbage-first heap   total 196608K, used 21208K [0x0000000085400000, 0x0000000100000000)
  region size 1024K, 2 young (2048K), 2 survivors (2048K)
 Metaspace       used 41963K, capacity 43043K, committed 43388K, reserved 1087488K
  class space    used 5044K, capacity 5416K, committed 5500K, reserved 1048576K
}
Event: 52.572 GC heap before
{Heap before GC invocations=18 (full 0):
 garbage-first heap   total 196608K, used 28376K [0x0000000085400000, 0x0000000100000000)
  region size 1024K, 9 young (9216K), 2 survivors (2048K)
 Metaspace       used 42027K, capacity 43107K, committed 43388K, reserved 1087488K
  class space    used 5044K, capacity 5416K, committed 5500K, reserved 1048576K
}
Event: 55.177 GC heap after
{Heap after GC invocations=19 (full 0):
 garbage-first heap   total 196608K, used 21661K [0x0000000085400000, 0x0000000100000000)
  region size 1024K, 2 young (2048K), 2 survivors (2048K)
 Metaspace       used 42027K, capacity 43107K, committed 43388K, reserved 1087488K
  class space    used 5044K, capacity 5416K, committed 5500K, reserved 1048576K
}
Event: 73.597 GC heap before
{Heap before GC invocations=19 (full 0):
 garbage-first heap   total 196608K, used 27805K [0x0000000085400000, 0x0000000100000000)
  region size 1024K, 9 young (9216K), 2 survivors (2048K)
 Metaspace       used 42029K, capacity 43107K, committed 43388K, reserved 1087488K
  class space    used 5044K, capacity 5416K, committed 5500K, reserved 1048576K
}
Event: 74.800 GC heap after
{Heap after GC invocations=20 (full 0):
 garbage-first heap   total 196608K, used 22436K [0x0000000085400000, 0x0000000100000000)
  region size 1024K, 2 young (2048K), 2 survivors (2048K)
 Metaspace       used 42029K, capacity 43107K, committed 43388K, reserved 1087488K
  class space    used 5044K, capacity 5416K, committed 5500K, reserved 1048576K
}
Event: 90.803 GC heap before
{Heap before GC invocations=20 (full 0):
 garbage-first heap   total 196608K, used 28580K [0x0000000085400000, 0x0000000100000000)
  region size 1024K, 9 young (9216K), 2 survivors (2048K)
 Metaspace       used 42084K, capacity 43177K, committed 43388K, reserved 1087488K
  class space    used 5045K, capacity 5417K, committed 5500K, reserved 1048576K
}

Deoptimization events (10 events):
Event: 7.472 Thread 0x00007f2a20ef4000 Uncommon trap: reason=class_check action=maybe_recompile pc=0x00007f2a1035a3d4 method=java.util.Properties$LineReader.readLine()I @ 527 c2
Event: 7.481 Thread 0x00007f2a20ef4000 Uncommon trap: reason=unstable_if action=reinterpret pc=0x00007f2a102829fc method=java.lang.String.indexOf(Ljava/lang/String;)I @ 8 c2
Event: 8.876 Thread 0x00007f2a20ef4000 Uncommon trap: reason=unstable_if action=reinterpret pc=0x00007f2a1036b224 method=sun.nio.cs.UTF_8$Decoder.decodeArrayLoop(Ljava/nio/ByteBuffer;Ljava/nio/CharBuffer;)Ljava/nio/charset/CoderResult; @ 110 c2
Event: 8.929 Thread 0x00007f299c1f3000 Uncommon trap: reason=unstable_if action=reinterpret pc=0x00007f2a102a5a50 method=java.util.concurrent.ConcurrentHashMap.get(Ljava/lang/Object;)Ljava/lang/Object; @ 152 c2
Event: 9.114 Thread 0x00007f299c1f3000 Uncommon trap: reason=unstable_if action=reinterpret pc=0x00007f2a102a1c34 method=java.util.zip.ZipFile$Source.getEntryPos([BZ)I @ 68 c2
Event: 9.358 Thread 0x00007f299c1f3000 Uncommon trap: reason=unstable_if action=reinterpret pc=0x00007f2a10281e00 method=java.lang.String.getBytes([BIB)V @ 5 c2
Event: 10.241 Thread 0x00007f299c1f3000 Uncommon trap: reason=class_check action=maybe_recompile pc=0x00007f2a1036cf78 method=java.io.DataOutputStream.write(I)V @ 5 c2
Event: 10.417 Thread 0x00007f299c1f3000 Uncommon trap: reason=class_check action=maybe_recompile pc=0x00007f2a1036cf78 method=java.io.DataOutputStream.write(I)V @ 5 c2
Event: 10.519 Thread 0x00007f299c1f3000 Uncommon trap: reason=class_check action=maybe_recompile pc=0x00007f2a1036cf78 method=java.io.DataOutputStream.write(I)V @ 5 c2
Event: 10.594 Thread 0x00007f299c1f3000 Uncommon trap: reason=class_check action=maybe_recompile pc=0x00007f2a1036cf78 method=java.io.DataOutputStream.write(I)V @ 5 c2

Classes redefined (0 events):
No events

Internal exceptions (10 events):
Event: 4.593 Thread 0x00007f2a20015000 Exception <a 'java/lang/NoSuchMethodError'{0x0000000087693dd0}: java.lang.invoke.DirectMethodHandle$Holder.invokeVirtual(Ljava/lang/Object;Ljava/lang/Object;)I> (0x0000000087693dd0) thrown at [/scratch/opt/mach5/mesos/work_dir/slaves/dd0bab7c-a530-4905-bb
Event: 4.595 Thread 0x00007f2a20015000 Exception <a 'java/lang/NoSuchMethodError'{0x000000008769d3c8}: java.lang.invoke.DirectMethodHandle$Holder.invokeSpecialIFC(Ljava/lang/Object;Ljava/lang/Object;Ljava/lang/Object;Ljava/lang/Object;)I> (0x000000008769d3c8) thrown at [/scratch/opt/mach5/meso
Event: 5.209 Thread 0x00007f2a20015000 Implicit null exception at 0x00007f2a10298434 to 0x00007f2a1029a246
Event: 5.320 Thread 0x00007f2a20015000 Exception <a 'java/io/FileNotFoundException'{0x000000008b21be80}> (0x000000008b21be80) thrown at [/scratch/opt/mach5/mesos/work_dir/slaves/dd0bab7c-a530-4905-bb6b-daa7153eb2c1-S122/frameworks/1735e8a2-a1db-478c-8104-60c8b0af87dd-0196/executors/99f85cae-f7
Event: 5.324 Thread 0x00007f2a20015000 Exception <a 'java/io/FileNotFoundException'{0x000000008b231b80}> (0x000000008b231b80) thrown at [/scratch/opt/mach5/mesos/work_dir/slaves/dd0bab7c-a530-4905-bb6b-daa7153eb2c1-S122/frameworks/1735e8a2-a1db-478c-8104-60c8b0af87dd-0196/executors/99f85cae-f7
Event: 5.369 Thread 0x00007f2a20015000 Exception <a 'java/lang/NoSuchMethodError'{0x000000008b1c04e8}: java.lang.invoke.DirectMethodHandle$Holder.invokeInterface(Ljava/lang/Object;Ljava/lang/Object;Ljava/lang/Object;Ljava/lang/Object;)I> (0x000000008b1c04e8) thrown at [/scratch/opt/mach5/mesos
Event: 5.447 Thread 0x00007f2a20015000 Exception <a 'java/io/FileNotFoundException'{0x000000008ae83ee0}> (0x000000008ae83ee0) thrown at [/scratch/opt/mach5/mesos/work_dir/slaves/dd0bab7c-a530-4905-bb6b-daa7153eb2c1-S122/frameworks/1735e8a2-a1db-478c-8104-60c8b0af87dd-0196/executors/99f85cae-f7
Event: 5.609 Thread 0x00007f2a20015000 Exception <a 'java/io/FileNotFoundException'{0x000000008750f838}> (0x000000008750f838) thrown at [/scratch/opt/mach5/mesos/work_dir/slaves/dd0bab7c-a530-4905-bb6b-daa7153eb2c1-S122/frameworks/1735e8a2-a1db-478c-8104-60c8b0af87dd-0196/executors/99f85cae-f7
Event: 5.626 Thread 0x00007f2a20015000 Exception <a 'java/io/FileNotFoundException'{0x00000000875be550}> (0x00000000875be550) thrown at [/scratch/opt/mach5/mesos/work_dir/slaves/dd0bab7c-a530-4905-bb6b-daa7153eb2c1-S122/frameworks/1735e8a2-a1db-478c-8104-60c8b0af87dd-0196/executors/99f85cae-f7
Event: 5.759 Thread 0x00007f2a20ef4000 Exception <a 'java/lang/NoSuchMethodError'{0x0000000087219ed0}: java.lang.invoke.DirectMethodHandle$Holder.invokeStaticInit(Ljava/lang/Object;Ljava/lang/Object;Ljava/lang/Object;Ljava/lang/Object;)I> (0x0000000087219ed0) thrown at [/scratch/opt/mach5/meso

Events (10 events):
Event: 47.937 Executing VM operation: G1CollectForAllocation done
Event: 52.187 Thread 0x00007f299c1f3000 DEOPT PACKING pc=0x00007f2a093dba34 sp=0x00007f29e016e150
Event: 52.187 Thread 0x00007f299c1f3000 DEOPT UNPACKING pc=0x00007f2a0878113a sp=0x00007f29e016d5b0 mode 0
Event: 52.509 Executing VM operation: G1CollectForAllocation
Event: 55.397 Executing VM operation: G1CollectForAllocation done
Event: 72.990 Executing VM operation: G1CollectForAllocation
Event: 75.314 Executing VM operation: G1CollectForAllocation done
Event: 90.058 Thread 0x00007f299c1f3000 DEOPT PACKING pc=0x00007f2a08f8a747 sp=0x00007f29e016e0b0
Event: 90.068 Thread 0x00007f299c1f3000 DEOPT UNPACKING pc=0x00007f2a0878113a sp=0x00007f29e016d638 mode 0
Event: 90.139 Executing VM operation: G1CollectForAllocation


Dynamic libraries:
00400000-00401000 r-xp 00000000 08:06 2232762                            /usr/lib/jvm/java-12-oracle/bin/java
00600000-00601000 r--p 00000000 08:06 2232762                            /usr/lib/jvm/java-12-oracle/bin/java
00601000-00602000 rw-p 00001000 08:06 2232762                            /usr/lib/jvm/java-12-oracle/bin/java
01ea1000-01ec2000 rw-p 00000000 00:00 0                                  [heap]
85400000-91200000 rw-p 00000000 00:00 0 
a2300000-ffe00000 ---p 00000000 00:00 0 
ffe00000-ffe49000 rw-p 0117f000 08:06 2238001                            /usr/lib/jvm/java-12-oracle/lib/server/classes.jsa
ffe49000-fff00000 rw-p 00000000 00:00 0 
fff00000-fff72000 rw-p 0110d000 08:06 2238001                            /usr/lib/jvm/java-12-oracle/lib/server/classes.jsa
fff72000-100000000 rw-p 00000000 00:00 0 
800000000-800003000 rwxp 00001000 08:06 2238001                          /usr/lib/jvm/java-12-oracle/lib/server/classes.jsa
800003000-8003d0000 rw-p 00004000 08:06 2238001                          /usr/lib/jvm/java-12-oracle/lib/server/classes.jsa
8003d0000-800ad0000 r--p 003d1000 08:06 2238001                          /usr/lib/jvm/java-12-oracle/lib/server/classes.jsa
800ad0000-800ad1000 rw-p 00ad1000 08:06 2238001                          /usr/lib/jvm/java-12-oracle/lib/server/classes.jsa
800ad1000-80110c000 r--p 00ad2000 08:06 2238001                          /usr/lib/jvm/java-12-oracle/lib/server/classes.jsa
80110c000-80166b000 rw-p 00000000 00:00 0 
80166b000-84110c000 ---p 00000000 00:00 0 
7f2988000000-7f2988084000 rw-p 00000000 00:00 0 
7f2988084000-7f298c000000 ---p 00000000 00:00 0 
7f2990000000-7f29901ab000 rw-p 00000000 00:00 0 
7f29901ab000-7f2994000000 ---p 00000000 00:00 0 
7f29974dd000-7f29975dd000 rw-p 00000000 00:00 0 
7f29975dd000-7f29976dd000 ---p 00000000 00:00 0 
7f29976dd000-7f29978dd000 rw-p 00000000 00:00 0 
7f29978dd000-7f29978e1000 ---p 00000000 00:00 0 
7f29978e1000-7f2997bde000 rw-p 00000000 00:00 0 
7f2997bde000-7f2997bf5000 r-xp 00000000 08:06 1971726                    /lib/x86_64-linux-gnu/libresolv-2.27.so
7f2997bf5000-7f2997df5000 ---p 00017000 08:06 1971726                    /lib/x86_64-linux-gnu/libresolv-2.27.so
7f2997df5000-7f2997df6000 r--p 00017000 08:06 1971726                    /lib/x86_64-linux-gnu/libresolv-2.27.so
7f2997df6000-7f2997df7000 rw-p 00018000 08:06 1971726                    /lib/x86_64-linux-gnu/libresolv-2.27.so
7f2997df7000-7f2997df9000 rw-p 00000000 00:00 0 
7f2997df9000-7f2997dfe000 r-xp 00000000 08:06 1971675                    /lib/x86_64-linux-gnu/libnss_dns-2.27.so
7f2997dfe000-7f2997ffe000 ---p 00005000 08:06 1971675                    /lib/x86_64-linux-gnu/libnss_dns-2.27.so
7f2997ffe000-7f2997fff000 r--p 00005000 08:06 1971675                    /lib/x86_64-linux-gnu/libnss_dns-2.27.so
7f2997fff000-7f2998000000 rw-p 00006000 08:06 1971675                    /lib/x86_64-linux-gnu/libnss_dns-2.27.so
7f2998000000-7f2998021000 rw-p 00000000 00:00 0 
7f2998021000-7f299c000000 ---p 00000000 00:00 0 
7f299c000000-7f299c213000 rw-p 00000000 00:00 0 
7f299c213000-7f29a0000000 ---p 00000000 00:00 0 
7f29a0000000-7f29a002d000 rw-p 00000000 00:00 0 
7f29a002d000-7f29a4000000 ---p 00000000 00:00 0 
7f29a4000000-7f29a4021000 rw-p 00000000 00:00 0 
7f29a4021000-7f29a8000000 ---p 00000000 00:00 0 
7f29a8000000-7f29a8418000 rw-p 00000000 00:00 0 
7f29a8418000-7f29ac000000 ---p 00000000 00:00 0 
7f29ac000000-7f29ac021000 rw-p 00000000 00:00 0 
7f29ac021000-7f29b0000000 ---p 00000000 00:00 0 
7f29b0000000-7f29b0021000 rw-p 00000000 00:00 0 
7f29b0021000-7f29b4000000 ---p 00000000 00:00 0 
7f29b4000000-7f29b4021000 rw-p 00000000 00:00 0 
7f29b4021000-7f29b8000000 ---p 00000000 00:00 0 
7f29b8000000-7f29b8021000 rw-p 00000000 00:00 0 
7f29b8021000-7f29bc000000 ---p 00000000 00:00 0 
7f29bc000000-7f29bc022000 rw-p 00000000 00:00 0 
7f29bc022000-7f29c0000000 ---p 00000000 00:00 0 
7f29c0000000-7f29c0021000 rw-p 00000000 00:00 0 
7f29c0021000-7f29c4000000 ---p 00000000 00:00 0 
7f29c4000000-7f29c4021000 rw-p 00000000 00:00 0 
7f29c4021000-7f29c8000000 ---p 00000000 00:00 0 
7f29c8000000-7f29c8021000 rw-p 00000000 00:00 0 
7f29c8021000-7f29cc000000 ---p 00000000 00:00 0 
7f29cc000000-7f29cc021000 rw-p 00000000 00:00 0 
7f29cc021000-7f29d0000000 ---p 00000000 00:00 0 
7f29d0000000-7f29d1dbe000 rw-p 00000000 00:00 0 
7f29d1dbe000-7f29d4000000 ---p 00000000 00:00 0 
7f29d4000000-7f29d48f5000 rw-p 00000000 00:00 0 
7f29d48f5000-7f29d8000000 ---p 00000000 00:00 0 
7f29d8000000-7f29d8021000 rw-p 00000000 00:00 0 
7f29d8021000-7f29dc000000 ---p 00000000 00:00 0 
7f29dc000000-7f29dc021000 rw-p 00000000 00:00 0 
7f29dc021000-7f29e0000000 ---p 00000000 00:00 0 
7f29e006f000-7f29e0073000 ---p 00000000 00:00 0 
7f29e0073000-7f29e0170000 rw-p 00000000 00:00 0 
7f29e0170000-7f29e0172000 r-xp 00000000 08:06 1971683                    /lib/x86_64-linux-gnu/libnss_mdns4_minimal.so.2
7f29e0172000-7f29e0371000 ---p 00002000 08:06 1971683                    /lib/x86_64-linux-gnu/libnss_mdns4_minimal.so.2
7f29e0371000-7f29e0372000 r--p 00001000 08:06 1971683                    /lib/x86_64-linux-gnu/libnss_mdns4_minimal.so.2
7f29e0372000-7f29e0373000 rw-p 00002000 08:06 1971683                    /lib/x86_64-linux-gnu/libnss_mdns4_minimal.so.2
7f29e0373000-7f29e0573000 rw-p 00000000 00:00 0 
7f29e05da000-7f29e07da000 rw-p 00000000 00:00 0 
7f29e07da000-7f29e09da000 rw-p 00000000 00:00 0 
7f29e0aa1000-7f29e0ae1000 r-xp 00000000 08:06 2237985                    /usr/lib/jvm/java-12-oracle/lib/libsunec.so
7f29e0ae1000-7f29e0ce0000 ---p 00040000 08:06 2237985                    /usr/lib/jvm/java-12-oracle/lib/libsunec.so
7f29e0ce0000-7f29e0ce5000 r--p 0003f000 08:06 2237985                    /usr/lib/jvm/java-12-oracle/lib/libsunec.so
7f29e0ce5000-7f29e0ce7000 rw-p 00044000 08:06 2237985                    /usr/lib/jvm/java-12-oracle/lib/libsunec.so
7f29e0ce7000-7f29e0ceb000 ---p 00000000 00:00 0 
7f29e0ceb000-7f29e0de8000 rw-p 00000000 00:00 0 
7f29e0de8000-7f29e0dec000 ---p 00000000 00:00 0 
7f29e0dec000-7f29e10e9000 rw-p 00000000 00:00 0 
7f29e10e9000-7f29e12e9000 rw-p 00000000 00:00 0 
7f29e12e9000-7f29e14e9000 rw-p 00000000 00:00 0 
7f29e14e9000-7f29e16e9000 rw-p 00000000 00:00 0 
7f29e16e9000-7f29e18e9000 rw-p 00000000 00:00 0 
7f29e18e9000-7f29e1ae9000 rw-p 00000000 00:00 0 
7f29e1ae9000-7f29e1aed000 ---p 00000000 00:00 0 
7f29e1aed000-7f29e1dea000 rw-p 00000000 00:00 0 
7f29e1dea000-7f29e1fea000 rw-p 00000000 00:00 0 
7f29e1fea000-7f29e21ea000 rw-p 00000000 00:00 0 
7f29e21ea000-7f29e21ef000 r-xp 00000000 08:06 2237976                    /usr/lib/jvm/java-12-oracle/lib/libmanagement_ext.so
7f29e21ef000-7f29e23ee000 ---p 00005000 08:06 2237976                    /usr/lib/jvm/java-12-oracle/lib/libmanagement_ext.so
7f29e23ee000-7f29e23ef000 r--p 00004000 08:06 2237976                    /usr/lib/jvm/java-12-oracle/lib/libmanagement_ext.so
7f29e23ef000-7f29e23f0000 rw-p 00005000 08:06 2237976                    /usr/lib/jvm/java-12-oracle/lib/libmanagement_ext.so
7f29e23f0000-7f29e23f4000 r-xp 00000000 08:06 2237974                    /usr/lib/jvm/java-12-oracle/lib/libmanagement.so
7f29e23f4000-7f29e25f3000 ---p 00004000 08:06 2237974                    /usr/lib/jvm/java-12-oracle/lib/libmanagement.so
7f29e25f3000-7f29e25f4000 r--p 00003000 08:06 2237974                    /usr/lib/jvm/java-12-oracle/lib/libmanagement.so
7f29e25f4000-7f29e25f5000 rw-p 00004000 08:06 2237974                    /usr/lib/jvm/java-12-oracle/lib/libmanagement.so
7f29e25f5000-7f29e25f9000 ---p 00000000 00:00 0 
7f29e25f9000-7f29e26f6000 rw-p 00000000 00:00 0 
7f29e26f6000-7f29e26f7000 ---p 00000000 00:00 0 
7f29e26f7000-7f29e27f8000 rw-p 00000000 00:00 0 
7f29e27f8000-7f29e27fc000 ---p 00000000 00:00 0 
7f29e27fc000-7f29e28f9000 rw-p 00000000 00:00 0 
7f29e28f9000-7f29e28fa000 ---p 00000000 00:00 0 
7f29e28fa000-7f29e29fb000 rw-p 00000000 00:00 0 
7f29e29fb000-7f29e29fc000 ---p 00000000 00:00 0 
7f29e29fc000-7f29e2afd000 rw-p 00000000 00:00 0 
7f29e2afd000-7f29e2afe000 ---p 00000000 00:00 0 
7f29e2afe000-7f29e2bff000 rw-p 00000000 00:00 0 
7f29e2bff000-7f29e2c01000 r-xp 00000000 08:06 2237958                    /usr/lib/jvm/java-12-oracle/lib/libextnet.so
7f29e2c01000-7f29e2e00000 ---p 00002000 08:06 2237958                    /usr/lib/jvm/java-12-oracle/lib/libextnet.so
7f29e2e00000-7f29e2e01000 r--p 00001000 08:06 2237958                    /usr/lib/jvm/java-12-oracle/lib/libextnet.so
7f29e2e01000-7f29e2e02000 rw-p 00002000 08:06 2237958                    /usr/lib/jvm/java-12-oracle/lib/libextnet.so
7f29e2e02000-7f29e2e03000 ---p 00000000 00:00 0 
7f29e2e03000-7f29e2f04000 rw-p 00000000 00:00 0 
7f29e2f04000-7f29e2f08000 ---p 00000000 00:00 0 
7f29e2f08000-7f29e3005000 rw-p 00000000 00:00 0 
7f29e3005000-7f29e3009000 ---p 00000000 00:00 0 
7f29e3009000-7f29e3106000 rw-p 00000000 00:00 0 
7f29e3106000-7f29e311c000 r-xp 00000000 08:06 2237978                    /usr/lib/jvm/java-12-oracle/lib/libnet.so
7f29e311c000-7f29e331c000 ---p 00016000 08:06 2237978                    /usr/lib/jvm/java-12-oracle/lib/libnet.so
7f29e331c000-7f29e331d000 r--p 00016000 08:06 2237978                    /usr/lib/jvm/java-12-oracle/lib/libnet.so
7f29e331d000-7f29e331e000 rw-p 00017000 08:06 2237978                    /usr/lib/jvm/java-12-oracle/lib/libnet.so
7f29e331e000-7f29e332f000 r-xp 00000000 08:06 2237979                    /usr/lib/jvm/java-12-oracle/lib/libnio.so
7f29e332f000-7f29e352e000 ---p 00011000 08:06 2237979                    /usr/lib/jvm/java-12-oracle/lib/libnio.so
7f29e352e000-7f29e352f000 r--p 00010000 08:06 2237979                    /usr/lib/jvm/java-12-oracle/lib/libnio.so
7f29e352f000-7f29e3530000 rw-p 00011000 08:06 2237979                    /usr/lib/jvm/java-12-oracle/lib/libnio.so
7f29e3530000-7f29e3534000 ---p 00000000 00:00 0 
7f29e3534000-7f29e3631000 rw-p 00000000 00:00 0 
7f29e3631000-7f29e4000000 r--p 00000000 08:06 2233977                    /usr/lib/locale/locale-archive
7f29e4000000-7f29e43e1000 rw-p 00000000 00:00 0 
7f29e43e1000-7f29e8000000 ---p 00000000 00:00 0 
7f29e8000000-7f29e8021000 rw-p 00000000 00:00 0 
7f29e8021000-7f29ec000000 ---p 00000000 00:00 0 
7f29ec000000-7f29ec021000 rw-p 00000000 00:00 0 
7f29ec021000-7f29f0000000 ---p 00000000 00:00 0 
7f29f0000000-7f29f0021000 rw-p 00000000 00:00 0 
7f29f0021000-7f29f4000000 ---p 00000000 00:00 0 
7f29f4000000-7f29f4021000 rw-p 00000000 00:00 0 
7f29f4021000-7f29f8000000 ---p 00000000 00:00 0 
7f29f8000000-7f29f8021000 rw-p 00000000 00:00 0 
7f29f8021000-7f29fc000000 ---p 00000000 00:00 0 
7f29fc000000-7f29fc021000 rw-p 00000000 00:00 0 
7f29fc021000-7f2a00000000 ---p 00000000 00:00 0 
7f2a000f0000-7f2a000f4000 ---p 00000000 00:00 0 
7f2a000f4000-7f2a001f1000 rw-p 00000000 00:00 0 
7f2a001f1000-7f2a001f5000 ---p 00000000 00:00 0 
7f2a001f5000-7f2a002f2000 rw-p 00000000 00:00 0 
7f2a002f2000-7f2a002f6000 ---p 00000000 00:00 0 
7f2a002f6000-7f2a003f3000 rw-p 00000000 00:00 0 
7f2a003f3000-7f2a003f7000 ---p 00000000 00:00 0 
7f2a003f7000-7f2a004f4000 rw-p 00000000 00:00 0 
7f2a004f4000-7f2a004f8000 ---p 00000000 00:00 0 
7f2a004f8000-7f2a005f5000 rw-p 00000000 00:00 0 
7f2a005f5000-7f2a005f9000 ---p 00000000 00:00 0 
7f2a005f9000-7f2a006f6000 rw-p 00000000 00:00 0 
7f2a006f6000-7f2a006f7000 ---p 00000000 00:00 0 
7f2a006f7000-7f2a01079000 rw-p 00000000 00:00 0 
7f2a01079000-7f2a0107a000 ---p 00000000 00:00 0 
7f2a0107a000-7f2a0117b000 rw-p 00000000 00:00 0 
7f2a0117b000-7f2a0117c000 ---p 00000000 00:00 0 
7f2a0117c000-7f2a03681000 rw-p 00000000 00:00 0 
7f2a03681000-7f2a03682000 ---p 00000000 00:00 0 
7f2a03682000-7f2a03783000 rw-p 00000000 00:00 0 
7f2a03783000-7f2a03784000 ---p 00000000 00:00 0 
7f2a03784000-7f2a03885000 rw-p 00000000 00:00 0 
7f2a03885000-7f2a03886000 ---p 00000000 00:00 0 
7f2a03886000-7f2a03c7f000 rw-p 00000000 00:00 0 
7f2a03c7f000-7f2a0582f000 ---p 00000000 00:00 0 
7f2a0582f000-7f2a05b2f000 rw-p 00000000 00:00 0 
7f2a05b2f000-7f2a076df000 ---p 00000000 00:00 0 
7f2a076df000-7f2a07746000 rw-p 00000000 00:00 0 
7f2a07746000-7f2a07abc000 ---p 00000000 00:00 0 
7f2a07abc000-7f2a07b1c000 rw-p 00000000 00:00 0 
7f2a07b1c000-7f2a07e92000 ---p 00000000 00:00 0 
7f2a07e92000-7f2a07ef2000 rw-p 00000000 00:00 0 
7f2a07ef2000-7f2a08268000 ---p 00000000 00:00 0 
7f2a08268000-7f2a08672000 rw-p 00000000 00:00 0 
7f2a08672000-7f2a08758000 ---p 00000000 00:00 0 
7f2a08758000-7f2a089c8000 rwxp 00000000 00:00 0 
7f2a089c8000-7f2a08ce8000 ---p 00000000 00:00 0 
7f2a08ce8000-7f2a097b8000 rwxp 00000000 00:00 0 
7f2a097b8000-7f2a10220000 ---p 00000000 00:00 0 
7f2a10220000-7f2a10490000 rwxp 00000000 00:00 0 
7f2a10490000-7f2a17758000 ---p 00000000 00:00 0 
7f2a17758000-7f2a1fbdb000 r--s 00000000 08:06 2237989                    /usr/lib/jvm/java-12-oracle/lib/modules
7f2a1fbdb000-7f2a1fbf6000 r-xp 00000000 08:06 2237969                    /usr/lib/jvm/java-12-oracle/lib/libjimage.so
7f2a1fbf6000-7f2a1fdf5000 ---p 0001b000 08:06 2237969                    /usr/lib/jvm/java-12-oracle/lib/libjimage.so
7f2a1fdf5000-7f2a1fdf7000 r--p 0001a000 08:06 2237969                    /usr/lib/jvm/java-12-oracle/lib/libjimage.so
7f2a1fdf7000-7f2a1fdf8000 rw-p 0001c000 08:06 2237969                    /usr/lib/jvm/java-12-oracle/lib/libjimage.so
7f2a1fdf8000-7f2a1fdff000 r-xp 00000000 08:06 2237988                    /usr/lib/jvm/java-12-oracle/lib/libzip.so
7f2a1fdff000-7f2a1fffe000 ---p 00007000 08:06 2237988                    /usr/lib/jvm/java-12-oracle/lib/libzip.so
7f2a1fffe000-7f2a1ffff000 r--p 00006000 08:06 2237988                    /usr/lib/jvm/java-12-oracle/lib/libzip.so
7f2a1ffff000-7f2a20000000 rw-p 00007000 08:06 2237988                    /usr/lib/jvm/java-12-oracle/lib/libzip.so
7f2a20000000-7f2a20ef8000 rw-p 00000000 00:00 0 
7f2a20ef8000-7f2a24000000 ---p 00000000 00:00 0 
7f2a24033000-7f2a240a4000 rw-p 00000000 00:00 0 
7f2a240a4000-7f2a24179000 ---p 00000000 00:00 0 
7f2a24179000-7f2a24184000 r-xp 00000000 08:06 1971677                    /lib/x86_64-linux-gnu/libnss_files-2.27.so
7f2a24184000-7f2a24383000 ---p 0000b000 08:06 1971677                    /lib/x86_64-linux-gnu/libnss_files-2.27.so
7f2a24383000-7f2a24384000 r--p 0000a000 08:06 1971677                    /lib/x86_64-linux-gnu/libnss_files-2.27.so
7f2a24384000-7f2a24385000 rw-p 0000b000 08:06 1971677                    /lib/x86_64-linux-gnu/libnss_files-2.27.so
7f2a24385000-7f2a2438b000 rw-p 00000000 00:00 0 
7f2a2438b000-7f2a243a2000 r-xp 00000000 08:06 1971671                    /lib/x86_64-linux-gnu/libnsl-2.27.so
7f2a243a2000-7f2a245a1000 ---p 00017000 08:06 1971671                    /lib/x86_64-linux-gnu/libnsl-2.27.so
7f2a245a1000-7f2a245a2000 r--p 00016000 08:06 1971671                    /lib/x86_64-linux-gnu/libnsl-2.27.so
7f2a245a2000-7f2a245a3000 rw-p 00017000 08:06 1971671                    /lib/x86_64-linux-gnu/libnsl-2.27.so
7f2a245a3000-7f2a245a5000 rw-p 00000000 00:00 0 
7f2a245a5000-7f2a245b0000 r-xp 00000000 08:06 1971688                    /lib/x86_64-linux-gnu/libnss_nis-2.27.so
7f2a245b0000-7f2a247af000 ---p 0000b000 08:06 1971688                    /lib/x86_64-linux-gnu/libnss_nis-2.27.so
7f2a247af000-7f2a247b0000 r--p 0000a000 08:06 1971688                    /lib/x86_64-linux-gnu/libnss_nis-2.27.so
7f2a247b0000-7f2a247b1000 rw-p 0000b000 08:06 1971688                    /lib/x86_64-linux-gnu/libnss_nis-2.27.so
7f2a247b1000-7f2a247b9000 r-xp 00000000 08:06 1971673                    /lib/x86_64-linux-gnu/libnss_compat-2.27.so
7f2a247b9000-7f2a249b9000 ---p 00008000 08:06 1971673                    /lib/x86_64-linux-gnu/libnss_compat-2.27.so
7f2a249b9000-7f2a249ba000 r--p 00008000 08:06 1971673                    /lib/x86_64-linux-gnu/libnss_compat-2.27.so
7f2a249ba000-7f2a249bb000 rw-p 00009000 08:06 1971673                    /lib/x86_64-linux-gnu/libnss_compat-2.27.so
7f2a249bb000-7f2a249c5000 r-xp 00000000 08:06 2237960                    /usr/lib/jvm/java-12-oracle/lib/libinstrument.so
7f2a249c5000-7f2a24bc4000 ---p 0000a000 08:06 2237960                    /usr/lib/jvm/java-12-oracle/lib/libinstrument.so
7f2a24bc4000-7f2a24bc5000 r--p 00009000 08:06 2237960                    /usr/lib/jvm/java-12-oracle/lib/libinstrument.so
7f2a24bc5000-7f2a24bc6000 rw-p 0000a000 08:06 2237960                    /usr/lib/jvm/java-12-oracle/lib/libinstrument.so
7f2a24bc6000-7f2a24bee000 r-xp 00000000 08:06 2237965                    /usr/lib/jvm/java-12-oracle/lib/libjava.so
7f2a24bee000-7f2a24ded000 ---p 00028000 08:06 2237965                    /usr/lib/jvm/java-12-oracle/lib/libjava.so
7f2a24ded000-7f2a24dee000 r--p 00027000 08:06 2237965                    /usr/lib/jvm/java-12-oracle/lib/libjava.so
7f2a24dee000-7f2a24df0000 rw-p 00028000 08:06 2237965                    /usr/lib/jvm/java-12-oracle/lib/libjava.so
7f2a24df0000-7f2a24dfd000 r-xp 00000000 08:06 2237987                    /usr/lib/jvm/java-12-oracle/lib/libverify.so
7f2a24dfd000-7f2a24ffc000 ---p 0000d000 08:06 2237987                    /usr/lib/jvm/java-12-oracle/lib/libverify.so
7f2a24ffc000-7f2a24ffe000 r--p 0000c000 08:06 2237987                    /usr/lib/jvm/java-12-oracle/lib/libverify.so
7f2a24ffe000-7f2a24fff000 rw-p 0000e000 08:06 2237987                    /usr/lib/jvm/java-12-oracle/lib/libverify.so
7f2a24fff000-7f2a25006000 r-xp 00000000 08:06 1971728                    /lib/x86_64-linux-gnu/librt-2.27.so
7f2a25006000-7f2a25205000 ---p 00007000 08:06 1971728                    /lib/x86_64-linux-gnu/librt-2.27.so
7f2a25205000-7f2a25206000 r--p 00006000 08:06 1971728                    /lib/x86_64-linux-gnu/librt-2.27.so
7f2a25206000-7f2a25207000 rw-p 00007000 08:06 1971728                    /lib/x86_64-linux-gnu/librt-2.27.so
7f2a25207000-7f2a253a4000 r-xp 00000000 08:06 1971650                    /lib/x86_64-linux-gnu/libm-2.27.so
7f2a253a4000-7f2a255a3000 ---p 0019d000 08:06 1971650                    /lib/x86_64-linux-gnu/libm-2.27.so
7f2a255a3000-7f2a255a4000 r--p 0019c000 08:06 1971650                    /lib/x86_64-linux-gnu/libm-2.27.so
7f2a255a4000-7f2a255a5000 rw-p 0019d000 08:06 1971650                    /lib/x86_64-linux-gnu/libm-2.27.so
7f2a255a5000-7f2a26708000 r-xp 00000000 08:06 2238003                    /usr/lib/jvm/java-12-oracle/lib/server/libjvm.so
7f2a26708000-7f2a26908000 ---p 01163000 08:06 2238003                    /usr/lib/jvm/java-12-oracle/lib/server/libjvm.so
7f2a26908000-7f2a269c9000 r--p 01163000 08:06 2238003                    /usr/lib/jvm/java-12-oracle/lib/server/libjvm.so
7f2a269c9000-7f2a26a02000 rw-p 01224000 08:06 2238003                    /usr/lib/jvm/java-12-oracle/lib/server/libjvm.so
7f2a26a02000-7f2a26a85000 rw-p 00000000 00:00 0 
7f2a26a85000-7f2a26c6c000 r-xp 00000000 08:06 1971587                    /lib/x86_64-linux-gnu/libc-2.27.so
7f2a26c6c000-7f2a26e6c000 ---p 001e7000 08:06 1971587                    /lib/x86_64-linux-gnu/libc-2.27.so
7f2a26e6c000-7f2a26e70000 r--p 001e7000 08:06 1971587                    /lib/x86_64-linux-gnu/libc-2.27.so
7f2a26e70000-7f2a26e72000 rw-p 001eb000 08:06 1971587                    /lib/x86_64-linux-gnu/libc-2.27.so
7f2a26e72000-7f2a26e76000 rw-p 00000000 00:00 0 
7f2a26e76000-7f2a26e79000 r-xp 00000000 08:06 1971610                    /lib/x86_64-linux-gnu/libdl-2.27.so
7f2a26e79000-7f2a27078000 ---p 00003000 08:06 1971610                    /lib/x86_64-linux-gnu/libdl-2.27.so
7f2a27078000-7f2a27079000 r--p 00002000 08:06 1971610                    /lib/x86_64-linux-gnu/libdl-2.27.so
7f2a27079000-7f2a2707a000 rw-p 00003000 08:06 1971610                    /lib/x86_64-linux-gnu/libdl-2.27.so
7f2a2707a000-7f2a27094000 r-xp 00000000 08:06 1971720                    /lib/x86_64-linux-gnu/libpthread-2.27.so
7f2a27094000-7f2a27293000 ---p 0001a000 08:06 1971720                    /lib/x86_64-linux-gnu/libpthread-2.27.so
7f2a27293000-7f2a27294000 r--p 00019000 08:06 1971720                    /lib/x86_64-linux-gnu/libpthread-2.27.so
7f2a27294000-7f2a27295000 rw-p 0001a000 08:06 1971720                    /lib/x86_64-linux-gnu/libpthread-2.27.so
7f2a27295000-7f2a27299000 rw-p 00000000 00:00 0 
7f2a27299000-7f2a272a9000 r-xp 00000000 08:06 2237970                    /usr/lib/jvm/java-12-oracle/lib/libjli.so
7f2a272a9000-7f2a274a8000 ---p 00010000 08:06 2237970                    /usr/lib/jvm/java-12-oracle/lib/libjli.so
7f2a274a8000-7f2a274a9000 r--p 0000f000 08:06 2237970                    /usr/lib/jvm/java-12-oracle/lib/libjli.so
7f2a274a9000-7f2a274aa000 rw-p 00010000 08:06 2237970                    /usr/lib/jvm/java-12-oracle/lib/libjli.so
7f2a274aa000-7f2a274c6000 r-xp 00000000 08:06 1971759                    /lib/x86_64-linux-gnu/libz.so.1.2.11
7f2a274c6000-7f2a276c5000 ---p 0001c000 08:06 1971759                    /lib/x86_64-linux-gnu/libz.so.1.2.11
7f2a276c5000-7f2a276c6000 r--p 0001b000 08:06 1971759                    /lib/x86_64-linux-gnu/libz.so.1.2.11
7f2a276c6000-7f2a276c7000 rw-p 0001c000 08:06 1971759                    /lib/x86_64-linux-gnu/libz.so.1.2.11
7f2a276c7000-7f2a276ee000 r-xp 00000000 08:06 1971559                    /lib/x86_64-linux-gnu/ld-2.27.so
7f2a27745000-7f2a277cd000 rw-p 00000000 00:00 0 
7f2a277cd000-7f2a277d4000 ---p 00000000 00:00 0 
7f2a277d4000-7f2a277d8000 ---p 00000000 00:00 0 
7f2a277d8000-7f2a278d9000 rw-p 00000000 00:00 0 
7f2a278e3000-7f2a278eb000 rw-s 00000000 08:06 1704444                    /tmp/hsperfdata_clinton/27175
7f2a278eb000-7f2a278ec000 ---p 00000000 00:00 0 
7f2a278ec000-7f2a278ed000 r--p 00000000 00:00 0 
7f2a278ed000-7f2a278ee000 ---p 00000000 00:00 0 
7f2a278ee000-7f2a278ef000 r--p 00027000 08:06 1971559                    /lib/x86_64-linux-gnu/ld-2.27.so
7f2a278ef000-7f2a278f0000 rw-p 00028000 08:06 1971559                    /lib/x86_64-linux-gnu/ld-2.27.so
7f2a278f0000-7f2a278f1000 rw-p 00000000 00:00 0 
7ffe2b54d000-7ffe2b570000 rw-p 00000000 00:00 0                          [stack]
7ffe2b5d4000-7ffe2b5d7000 r--p 00000000 00:00 0                          [vvar]
7ffe2b5d7000-7ffe2b5d9000 r-xp 00000000 00:00 0                          [vdso]
ffffffffff600000-ffffffffff601000 r-xp 00000000 00:00 0                  [vsyscall]


VM Arguments:
jvm_args: -javaagent:/snap/intellij-idea-community/172/lib/idea_rt.jar=42807:/snap/intellij-idea-community/172/bin -Dfile.encoding=UTF-8 
java_command: com.stackroute.upstream.ASUpstreamApp
java_class_path (initial): /home/clinton/Downloads/ibm-wave8-activity-stream-master(3) (3)/ibm-wave8-activity-stream-master(3)/ibm-wave8-activity-stream-master/activity-stream-app/as-upstream-streaming/target/classes:/home/clinton/.m2/repository/org/springframework/boot/spring-boot-autoconfigure/2.1.7.RELEASE/spring-boot-autoconfigure-2.1.7.RELEASE.jar:/home/clinton/.m2/repository/org/springframework/boot/spring-boot/2.1.7.RELEASE/spring-boot-2.1.7.RELEASE.jar:/home/clinton/.m2/repository/org/springframework/spring-core/5.1.9.RELEASE/spring-core-5.1.9.RELEASE.jar:/home/clinton/.m2/repository/org/springframework/spring-jcl/5.1.9.RELEASE/spring-jcl-5.1.9.RELEASE.jar:/home/clinton/.m2/repository/javax/annotation/javax.annotation-api/1.3.2/javax.annotation-api-1.3.2.jar:/home/clinton/.m2/repository/org/springframework/kafka/spring-kafka/2.2.8.RELEASE/spring-kafka-2.2.8.RELEASE.jar:/home/clinton/.m2/repository/org/springframework/spring-context/5.1.9.RELEASE/spring-context-5.1.9.RELEASE.jar:/home/clinton/.m2/repository/org/springframework/spring-aop/5.1.9.RELEASE/spring-aop-5.1.9.RELEASE.jar:/home/clinton/.m2/repository/org/springframework/spring-beans/5.1.9.RELEASE/spring-beans-5.1.9.RELEASE.jar:/home/clinton/.m2/repository/org/springframework/spring-expression/5.1.9.RELEASE/spring-expression-5.1.9.RELEASE.jar:/home/clinton/.m2/repository/org/springframework/spring-messaging/5.1.9.RELEASE/spring-messaging-5.1.9.RELEASE.jar:/home/clinton/.m2/repository/org/springframework/spring-tx/5.1.9.RELEASE/spring-tx-5.1.9.RELEASE.jar:/home/clinton/.m2/repository/org/springframework/retry/spring-retry/1.2.4.RELEASE/spring-retry-1.2.4.RELEASE.jar:/home/clinton/.m2/repository/org/apache/kafka/kafka-clients/2.0.1/kafka-clients-2.0.1.jar:/home/clinton/.m2/repository/org/lz4/lz4-java/1.4.1/lz4-java-1.4.1.jar:/home/clinton/.m2/repository/org/xerial/snappy/snappy-java/1.1.7.1/snappy-java-1.1.7.1.jar:/home/clinton/.m2/repository/org/slf4j/slf4j-api/1.7.25/slf4j-api-1.7.25.jar:/home/clinto
Launcher Type: SUN_STANDARD

[Global flags]
     intx CICompilerCount                          = 3                                         {product} {ergonomic}
     uint ConcGCThreads                            = 1                                         {product} {ergonomic}
     uint G1ConcRefinementThreads                  = 4                                         {product} {ergonomic}
   size_t G1HeapRegionSize                         = 1048576                                   {product} {ergonomic}
    uintx GCDrainStackTargetSize                   = 64                                        {product} {ergonomic}
   size_t InitialHeapSize                          = 130023424                                 {product} {ergonomic}
   size_t MarkStackSize                            = 4194304                                   {product} {ergonomic}
   size_t MaxHeapSize                              = 2059403264                                {product} {ergonomic}
   size_t MaxNewSize                               = 1235222528                                {product} {ergonomic}
   size_t MinHeapDeltaBytes                        = 1048576                                   {product} {ergonomic}
    uintx NonNMethodCodeHeapSize                   = 5830732                                {pd product} {ergonomic}
    uintx NonProfiledCodeHeapSize                  = 122913754                              {pd product} {ergonomic}
    uintx ProfiledCodeHeapSize                     = 122913754                              {pd product} {ergonomic}
    uintx ReservedCodeCacheSize                    = 251658240                              {pd product} {ergonomic}
     bool SegmentedCodeCache                       = true                                      {product} {ergonomic}
     bool UseCompressedClassPointers               = true                                 {lp64_product} {ergonomic}
     bool UseCompressedOops                        = true                                 {lp64_product} {ergonomic}
     bool UseG1GC                                  = true                                      {product} {ergonomic}

Logging:
Log output configuration:
 #0: stdout all=warning uptime,level,tags
 #1: stderr all=off uptime,level,tags

Environment Variables:
JAVA_HOME=/usr/lib/jvm/java-12-oracle
PATH=/usr/local/sbin:/usr/local/bin:/usr/sbin:/usr/bin:/sbin:/bin:/usr/games:/usr/local/games:/snap/bin:/usr/lib/jvm/java-12-oracle/bin:/usr/lib/jvm/java-12-oracle/db/bin
USERNAME=clinton
SHELL=/bin/bash
DISPLAY=:0

Signal Handlers:
SIGSEGV: [libjvm.so+0xe44380], sa_mask[0]=11111111011111111101111111111110, sa_flags=SA_RESTART|SA_SIGINFO
SIGBUS: [libjvm.so+0xe44380], sa_mask[0]=11111111011111111101111111111110, sa_flags=SA_RESTART|SA_SIGINFO
SIGFPE: [libjvm.so+0xe44380], sa_mask[0]=11111111011111111101111111111110, sa_flags=SA_RESTART|SA_SIGINFO
SIGPIPE: [libjvm.so+0xbf3e70], sa_mask[0]=11111111011111111101111111111110, sa_flags=SA_RESTART|SA_SIGINFO
SIGXFSZ: [libjvm.so+0xbf3e70], sa_mask[0]=11111111011111111101111111111110, sa_flags=SA_RESTART|SA_SIGINFO
SIGILL: [libjvm.so+0xe44380], sa_mask[0]=11111111011111111101111111111110, sa_flags=SA_RESTART|SA_SIGINFO
SIGUSR2: [libjvm.so+0xbf3d10], sa_mask[0]=00100000000000000000000000000000, sa_flags=SA_RESTART|SA_SIGINFO
SIGHUP: [libjvm.so+0xbf4070], sa_mask[0]=11111111011111111101111111111110, sa_flags=SA_RESTART|SA_SIGINFO
SIGINT: [libjvm.so+0xbf4070], sa_mask[0]=11111111011111111101111111111110, sa_flags=SA_RESTART|SA_SIGINFO
SIGTERM: [libjvm.so+0xbf4070], sa_mask[0]=11111111011111111101111111111110, sa_flags=SA_RESTART|SA_SIGINFO
SIGQUIT: [libjvm.so+0xbf4070], sa_mask[0]=11111111011111111101111111111110, sa_flags=SA_RESTART|SA_SIGINFO


---------------  S Y S T E M  ---------------

OS:DISTRIB_ID=Ubuntu
DISTRIB_RELEASE=18.04
DISTRIB_CODENAME=bionic
DISTRIB_DESCRIPTION="Ubuntu 18.04.3 LTS"
uname:Linux 4.15.0-62-generic #69-Ubuntu SMP Wed Sep 4 20:55:53 UTC 2019 x86_64
libc:glibc 2.27 NPTL 2.27 
rlimit: STACK 8192k, CORE 0k, NPROC 30934, NOFILE 4096, AS infinity, DATA infinity, FSIZE infinity
load average:23.73 8.15 3.55

/proc/meminfo:
MemTotal:        8044440 kB
MemFree:          119416 kB
MemAvailable:      59464 kB
Buffers:           12296 kB
Cached:           645028 kB
SwapCached:        19484 kB
Active:          6271768 kB
Inactive:        1155592 kB
Active(anon):    6245640 kB
Inactive(anon):  1106404 kB
Active(file):      26128 kB
Inactive(file):    49188 kB
Unevictable:          48 kB
Mlocked:              48 kB
SwapTotal:       2097148 kB
SwapFree:              0 kB
Dirty:               448 kB
Writeback:             0 kB
AnonPages:       6751072 kB
Mapped:           419956 kB
Shmem:            581732 kB
Slab:             229476 kB
SReclaimable:      76176 kB
SUnreclaim:       153300 kB
KernelStack:       28608 kB
PageTables:       126484 kB
NFS_Unstable:          0 kB
Bounce:                0 kB
WritebackTmp:          0 kB
CommitLimit:     6119368 kB
Committed_AS:   24545368 kB
VmallocTotal:   34359738367 kB
VmallocUsed:           0 kB
VmallocChunk:          0 kB
HardwareCorrupted:     0 kB
AnonHugePages:         0 kB
ShmemHugePages:        0 kB
ShmemPmdMapped:        0 kB
CmaTotal:              0 kB
CmaFree:               0 kB
HugePages_Total:       0
HugePages_Free:        0
HugePages_Rsvd:        0
HugePages_Surp:        0
Hugepagesize:       2048 kB
DirectMap4k:      476808 kB
DirectMap2M:     7788544 kB
DirectMap1G:           0 kB


/proc/sys/kernel/threads-max (system-wide limit on the number of threads):
61868


/proc/sys/vm/max_map_count (maximum number of memory map areas a process may have):
1048575


/proc/sys/kernel/pid_max (system-wide limit on number of process identifiers):
32768



container (cgroup) information:
container_type: cgroupv1
cpu_cpuset_cpus: 0-3
cpu_memory_nodes: 0
active_processor_count: 4
cpu_quota: -1
cpu_period: 100000
cpu_shares: -1
memory_limit_in_bytes: -1
memory_and_swap_limit_in_bytes: -2
memory_soft_limit_in_bytes: -1
memory_usage_in_bytes: 6565629952
memory_max_usage_in_bytes: 6581276672


CPU:total 4 (initial active 4) (2 cores per cpu, 2 threads per core) family 6 model 61 stepping 4, cmov, cx8, fxsr, mmx, sse, sse2, sse3, ssse3, sse4.1, sse4.2, popcnt, avx, avx2, aes, clmul, erms, rtm, 3dnowpref, lzcnt, ht, tsc, tscinvbit, bmi1, bmi2, adx, fma
CPU Model and flags from /proc/cpuinfo:
model name	: Intel(R) Core(TM) i5-5300U CPU @ 2.30GHz
flags		: fpu vme de pse tsc msr pae mce cx8 apic sep mtrr pge mca cmov pat pse36 clflush dts acpi mmx fxsr sse sse2 ss ht tm pbe syscall nx pdpe1gb rdtscp lm constant_tsc arch_perfmon pebs bts rep_good nopl xtopology nonstop_tsc cpuid aperfmperf pni pclmulqdq dtes64 monitor ds_cpl vmx smx est tm2 ssse3 sdbg fma cx16 xtpr pdcm pcid sse4_1 sse4_2 x2apic movbe popcnt tsc_deadline_timer aes xsave avx f16c rdrand lahf_lm abm 3dnowprefetch cpuid_fault epb invpcid_single pti ssbd ibrs ibpb stibp tpr_shadow vnmi flexpriority ept vpid fsgsbase tsc_adjust bmi1 hle avx2 smep bmi2 erms invpcid rtm rdseed adx smap intel_pt xsaveopt dtherm ida arat pln pts md_clear flush_l1d

Memory: 4k page, physical 8044440k(138208k free), swap 2097148k(0k free)

vm_info: Java HotSpot(TM) 64-Bit Server VM (12.0.2+10) for linux-amd64 JRE (12.0.2+10), built on Jul 16 2019 00:56:35 by "mach5one" with gcc 7.3.0

END.
